Arguments: 
  D:\nodejs\node.exe C:\Users\yyx\AppData\Roaming\npm\node_modules\yarn\bin\yarn.js add moment

PATH: 
  C:\WINDOWS\system32;C:\WINDOWS;C:\WINDOWS\System32\Wbem;C:\WINDOWS\System32\WindowsPowerShell\v1.0\;C:\WINDOWS\System32\OpenSSH\;D:\Git\cmd;D:\nodejs\;C:\Program Files\TortoiseGit\bin;C:\Program Files\dotnet\;C:\Users\Administrator\Downloads\nvm-noinstall;C:\Users\Administrator\Downloads\nvm-noinstall;C:\Program Files\nodejs;D:\nodejs\node_modules\corepack\shims;C:\\Users\\yyx\\AppData\\Roaming\\npm;C:\Program Files\Docker\Docker\resources\bin;C:\ProgramData\DockerDesktop\version-bin;C:\Program Files\MySQL\MySQL Server 8.0\bin;C:\Program Files\Java\jdk1.8.0_221\bin;C:\Program Files\PowerShell\7\;C:\Users\yyx\AppData\Local\Microsoft\WindowsApps;;D:\IntelliJ IDEA 2021.2.4\bin;;D:\DataGrip 2021.2.4\bin;;C:\Users\yyx\AppData\Local\Programs\Microsoft VS Code\bin;D:\PyCharm 2021.2.4\bin;

Yarn version: 
  1.22.18

Node version: 
  16.14.2

Platform: 
  win32 x64

Trace: 
  Error: EPERM: operation not permitted, unlink 'E:\codes\m-element-components\m-element-components\node_modules\esbuild-windows-64\esbuild.exe'

npm manifest: 
  {
    "name": "m-components",
    "version": "0.0.0",
    "scripts": {
      "dev": "vite",
      "build": "vue-tsc --noEmit && vite build",
      "serve": "vite preview"
    },
    "dependencies": {
      "@element-plus/icons": "^0.0.11",
      "@fullcalendar/core": "^5.10.1",
      "@fullcalendar/daygrid": "^5.10.1",
      "@fullcalendar/interaction": "^5.10.1",
      "@types/lodash": "^4.14.176",
      "ant-design-vue": "^3.2.11",
      "axios": "^0.24.0",
      "element-plus": "^1.1.0-beta.20",
      "lodash": "^4.17.21",
      "vue": "^3.2.16",
      "vue-router": "^4.0.12",
      "wangeditor": "^4.7.9"
    },
    "devDependencies": {
      "@types/mockjs": "^1.0.4",
      "@types/node": "^18.7.6",
      "@vitejs/plugin-vue": "^1.9.3",
      "@vitejs/plugin-vue-jsx": "^1.2.0",
      "less": "^4.1.3",
      "mockjs": "^1.1.0",
      "sass": "^1.43.2",
      "sass-loader": "^12.2.0",
      "typescript": "^4.4.3",
      "vite": "^2.6.4",
      "vue-tsc": "^0.3.0"
    }
  }

yarn manifest: 
  No manifest

Lockfile: 
  # THIS IS AN AUTOGENERATED FILE. DO NOT EDIT THIS FILE DIRECTLY.
  # yarn lockfile v1
  
  
  "@ampproject/remapping@^2.1.0":
    "integrity" "sha512-qRmjj8nj9qmLTQXXmaR1cck3UXSRMPrbsLJAasZpF+t3riI71BXed5ebIOYwQntykeZuhjsdweEc9BxH5Jc26w=="
    "resolved" "https://registry.npmmirror.com/@ampproject/remapping/-/remapping-2.2.0.tgz"
    "version" "2.2.0"
    dependencies:
      "@jridgewell/gen-mapping" "^0.1.0"
      "@jridgewell/trace-mapping" "^0.3.9"
  
  "@ant-design/colors@^6.0.0":
    "integrity" "sha512-qAZRvPzfdWHtfameEGP2Qvuf838NhergR35o+EuVyB5XvSA98xod5r4utvi4TJ3ywmevm290g9nsCG5MryrdWQ=="
    "resolved" "https://registry.npmmirror.com/@ant-design/colors/-/colors-6.0.0.tgz"
    "version" "6.0.0"
    dependencies:
      "@ctrl/tinycolor" "^3.4.0"
  
  "@ant-design/icons-svg@^4.2.1":
    "integrity" "sha512-EB0iwlKDGpG93hW8f85CTJTs4SvMX7tt5ceupvhALp1IF44SeUFOMhKUOYqpsoYWQKAOuTRDMqn75rEaKDp0Xw=="
    "resolved" "https://registry.npmmirror.com/@ant-design/icons-svg/-/icons-svg-4.2.1.tgz"
    "version" "4.2.1"
  
  "@ant-design/icons-vue@^6.1.0":
    "integrity" "sha512-EX6bYm56V+ZrKN7+3MT/ubDkvJ5rK/O2t380WFRflDcVFgsvl3NLH7Wxeau6R8DbrO5jWR6DSTC3B6gYFp77AA=="
    "resolved" "https://registry.npmmirror.com/@ant-design/icons-vue/-/icons-vue-6.1.0.tgz"
    "version" "6.1.0"
    dependencies:
      "@ant-design/colors" "^6.0.0"
      "@ant-design/icons-svg" "^4.2.1"
  
  "@babel/code-frame@^7.18.6":
    "integrity" "sha512-TDCmlK5eOvH+eH7cdAFlNXeVJqWIQ7gW9tY1GJIpUtFb6CmjVyq2VM3u71bOyR8CRihcCgMUYoDNyLXao3+70Q=="
    "resolved" "https://registry.npmmirror.com/@babel/code-frame/-/code-frame-7.18.6.tgz"
    "version" "7.18.6"
    dependencies:
      "@babel/highlight" "^7.18.6"
  
  "@babel/compat-data@^7.18.8":
    "integrity" "sha512-HSmX4WZPPK3FUxYp7g2T6EyO8j96HlZJlxmKPSh6KAcqwyDrfx7hKjXpAW/0FhFfTJsR0Yt4lAjLI2coMptIHQ=="
    "resolved" "https://registry.npmmirror.com/@babel/compat-data/-/compat-data-7.18.8.tgz"
    "version" "7.18.8"
  
  "@babel/core@^7.0.0", "@babel/core@^7.0.0-0", "@babel/core@^7.17.9":
    "integrity" "sha512-JQM6k6ENcBFKVtWvLavlvi/mPcpYZ3+R+2EySDEMSMbp7Mn4FexlbbJVrx2R7Ijhr01T8gyqrOaABWIOgxeUyw=="
    "resolved" "https://registry.npmmirror.com/@babel/core/-/core-7.18.10.tgz"
    "version" "7.18.10"
    dependencies:
      "@ampproject/remapping" "^2.1.0"
      "@babel/code-frame" "^7.18.6"
      "@babel/generator" "^7.18.10"
      "@babel/helper-compilation-targets" "^7.18.9"
      "@babel/helper-module-transforms" "^7.18.9"
      "@babel/helpers" "^7.18.9"
      "@babel/parser" "^7.18.10"
      "@babel/template" "^7.18.10"
      "@babel/traverse" "^7.18.10"
      "@babel/types" "^7.18.10"
      "convert-source-map" "^1.7.0"
      "debug" "^4.1.0"
      "gensync" "^1.0.0-beta.2"
      "json5" "^2.2.1"
      "semver" "^6.3.0"
  
  "@babel/generator@^7.18.10":
    "integrity" "sha512-dfQ8ebCN98SvyL7IxNMCUtZQSq5R7kxgN+r8qYTGDmmSion1hX2C0zq2yo1bsCDhXixokv1SAWTZUMYbO/V5zg=="
    "resolved" "https://registry.npmmirror.com/@babel/generator/-/generator-7.18.12.tgz"
    "version" "7.18.12"
    dependencies:
      "@babel/types" "^7.18.10"
      "@jridgewell/gen-mapping" "^0.3.2"
      "jsesc" "^2.5.1"
  
  "@babel/helper-annotate-as-pure@^7.18.6":
    "integrity" "sha512-duORpUiYrEpzKIop6iNbjnwKLAKnJ47csTyRACyEmWj0QdUrm5aqNJGHSSEQSUAvNW0ojX0dOmK9dZduvkfeXA=="
    "resolved" "https://registry.npmmirror.com/@babel/helper-annotate-as-pure/-/helper-annotate-as-pure-7.18.6.tgz"
    "version" "7.18.6"
    dependencies:
      "@babel/types" "^7.18.6"
  
  "@babel/helper-compilation-targets@^7.18.9":
    "integrity" "sha512-tzLCyVmqUiFlcFoAPLA/gL9TeYrF61VLNtb+hvkuVaB5SUjW7jcfrglBIX1vUIoT7CLP3bBlIMeyEsIl2eFQNg=="
    "resolved" "https://registry.npmmirror.com/@babel/helper-compilation-targets/-/helper-compilation-targets-7.18.9.tgz"
    "version" "7.18.9"
    dependencies:
      "@babel/compat-data" "^7.18.8"
      "@babel/helper-validator-option" "^7.18.6"
      "browserslist" "^4.20.2"
      "semver" "^6.3.0"
  
  "@babel/helper-create-class-features-plugin@^7.18.9":
    "integrity" "sha512-WvypNAYaVh23QcjpMR24CwZY2Nz6hqdOcFdPbNpV56hL5H6KiFheO7Xm1aPdlLQ7d5emYZX7VZwPp9x3z+2opw=="
    "resolved" "https://registry.npmmirror.com/@babel/helper-create-class-features-plugin/-/helper-create-class-features-plugin-7.18.9.tgz"
    "version" "7.18.9"
    dependencies:
      "@babel/helper-annotate-as-pure" "^7.18.6"
      "@babel/helper-environment-visitor" "^7.18.9"
      "@babel/helper-function-name" "^7.18.9"
      "@babel/helper-member-expression-to-functions" "^7.18.9"
      "@babel/helper-optimise-call-expression" "^7.18.6"
      "@babel/helper-replace-supers" "^7.18.9"
      "@babel/helper-split-export-declaration" "^7.18.6"
  
  "@babel/helper-environment-visitor@^7.18.9":
    "integrity" "sha512-3r/aACDJ3fhQ/EVgFy0hpj8oHyHpQc+LPtJoY9SzTThAsStm4Ptegq92vqKoE3vD706ZVFWITnMnxucw+S9Ipg=="
    "resolved" "https://registry.npmmirror.com/@babel/helper-environment-visitor/-/helper-environment-visitor-7.18.9.tgz"
    "version" "7.18.9"
  
  "@babel/helper-function-name@^7.18.9":
    "integrity" "sha512-fJgWlZt7nxGksJS9a0XdSaI4XvpExnNIgRP+rVefWh5U7BL8pPuir6SJUmFKRfjWQ51OtWSzwOxhaH/EBWWc0A=="
    "resolved" "https://registry.npmmirror.com/@babel/helper-function-name/-/helper-function-name-7.18.9.tgz"
    "version" "7.18.9"
    dependencies:
      "@babel/template" "^7.18.6"
      "@babel/types" "^7.18.9"
  
  "@babel/helper-hoist-variables@^7.18.6":
    "integrity" "sha512-UlJQPkFqFULIcyW5sbzgbkxn2FKRgwWiRexcuaR8RNJRy8+LLveqPjwZV/bwrLZCN0eUHD/x8D0heK1ozuoo6Q=="
    "resolved" "https://registry.npmmirror.com/@babel/helper-hoist-variables/-/helper-hoist-variables-7.18.6.tgz"
    "version" "7.18.6"
    dependencies:
      "@babel/types" "^7.18.6"
  
  "@babel/helper-member-expression-to-functions@^7.18.9":
    "integrity" "sha512-RxifAh2ZoVU67PyKIO4AMi1wTenGfMR/O/ae0CCRqwgBAt5v7xjdtRw7UoSbsreKrQn5t7r89eruK/9JjYHuDg=="
    "resolved" "https://registry.npmmirror.com/@babel/helper-member-expression-to-functions/-/helper-member-expression-to-functions-7.18.9.tgz"
    "version" "7.18.9"
    dependencies:
      "@babel/types" "^7.18.9"
  
  "@babel/helper-module-imports@^7.0.0", "@babel/helper-module-imports@^7.18.6":
    "integrity" "sha512-0NFvs3VkuSYbFi1x2Vd6tKrywq+z/cLeYC/RJNFrIX/30Bf5aiGYbtvGXolEktzJH8o5E5KJ3tT+nkxuuZFVlA=="
    "resolved" "https://registry.npmmirror.com/@babel/helper-module-imports/-/helper-module-imports-7.18.6.tgz"
    "version" "7.18.6"
    dependencies:
      "@babel/types" "^7.18.6"
  
  "@babel/helper-module-transforms@^7.18.9":
    "integrity" "sha512-KYNqY0ICwfv19b31XzvmI/mfcylOzbLtowkw+mfvGPAQ3kfCnMLYbED3YecL5tPd8nAYFQFAd6JHp2LxZk/J1g=="
    "resolved" "https://registry.npmmirror.com/@babel/helper-module-transforms/-/helper-module-transforms-7.18.9.tgz"
    "version" "7.18.9"
    dependencies:
      "@babel/helper-environment-visitor" "^7.18.9"
      "@babel/helper-module-imports" "^7.18.6"
      "@babel/helper-simple-access" "^7.18.6"
      "@babel/helper-split-export-declaration" "^7.18.6"
      "@babel/helper-validator-identifier" "^7.18.6"
      "@babel/template" "^7.18.6"
      "@babel/traverse" "^7.18.9"
      "@babel/types" "^7.18.9"
  
  "@babel/helper-optimise-call-expression@^7.18.6":
    "integrity" "sha512-HP59oD9/fEHQkdcbgFCnbmgH5vIQTJbxh2yf+CdM89/glUNnuzr87Q8GIjGEnOktTROemO0Pe0iPAYbqZuOUiA=="
    "resolved" "https://registry.npmmirror.com/@babel/helper-optimise-call-expression/-/helper-optimise-call-expression-7.18.6.tgz"
    "version" "7.18.6"
    dependencies:
      "@babel/types" "^7.18.6"
  
  "@babel/helper-plugin-utils@^7.10.4", "@babel/helper-plugin-utils@^7.18.6", "@babel/helper-plugin-utils@^7.18.9":
    "integrity" "sha512-aBXPT3bmtLryXaoJLyYPXPlSD4p1ld9aYeR+sJNOZjJJGiOpb+fKfh3NkcCu7J54nUJwCERPBExCCpyCOHnu/w=="
    "resolved" "https://registry.npmmirror.com/@babel/helper-plugin-utils/-/helper-plugin-utils-7.18.9.tgz"
    "version" "7.18.9"
  
  "@babel/helper-replace-supers@^7.18.9":
    "integrity" "sha512-dNsWibVI4lNT6HiuOIBr1oyxo40HvIVmbwPUm3XZ7wMh4k2WxrxTqZwSqw/eEmXDS9np0ey5M2bz9tBmO9c+YQ=="
    "resolved" "https://registry.npmmirror.com/@babel/helper-replace-supers/-/helper-replace-supers-7.18.9.tgz"
    "version" "7.18.9"
    dependencies:
      "@babel/helper-environment-visitor" "^7.18.9"
      "@babel/helper-member-expression-to-functions" "^7.18.9"
      "@babel/helper-optimise-call-expression" "^7.18.6"
      "@babel/traverse" "^7.18.9"
      "@babel/types" "^7.18.9"
  
  "@babel/helper-simple-access@^7.18.6":
    "integrity" "sha512-iNpIgTgyAvDQpDj76POqg+YEt8fPxx3yaNBg3S30dxNKm2SWfYhD0TGrK/Eu9wHpUW63VQU894TsTg+GLbUa1g=="
    "resolved" "https://registry.npmmirror.com/@babel/helper-simple-access/-/helper-simple-access-7.18.6.tgz"
    "version" "7.18.6"
    dependencies:
      "@babel/types" "^7.18.6"
  
  "@babel/helper-split-export-declaration@^7.18.6":
    "integrity" "sha512-bde1etTx6ZyTmobl9LLMMQsaizFVZrquTEHOqKeQESMKo4PlObf+8+JA25ZsIpZhT/WEd39+vOdLXAFG/nELpA=="
    "resolved" "https://registry.npmmirror.com/@babel/helper-split-export-declaration/-/helper-split-export-declaration-7.18.6.tgz"
    "version" "7.18.6"
    dependencies:
      "@babel/types" "^7.18.6"
  
  "@babel/helper-string-parser@^7.18.10":
    "integrity" "sha512-XtIfWmeNY3i4t7t4D2t02q50HvqHybPqW2ki1kosnvWCwuCMeo81Jf0gwr85jy/neUdg5XDdeFE/80DXiO+njw=="
    "resolved" "https://registry.npmmirror.com/@babel/helper-string-parser/-/helper-string-parser-7.18.10.tgz"
    "version" "7.18.10"
  
  "@babel/helper-validator-identifier@^7.18.6":
    "integrity" "sha512-MmetCkz9ej86nJQV+sFCxoGGrUbU3q02kgLciwkrt9QqEB7cP39oKEY0PakknEO0Gu20SskMRi+AYZ3b1TpN9g=="
    "resolved" "https://registry.npmmirror.com/@babel/helper-validator-identifier/-/helper-validator-identifier-7.18.6.tgz"
    "version" "7.18.6"
  
  "@babel/helper-validator-option@^7.18.6":
    "integrity" "sha512-XO7gESt5ouv/LRJdrVjkShckw6STTaB7l9BrpBaAHDeF5YZT+01PCwmR0SJHnkW6i8OwW/EVWRShfi4j2x+KQw=="
    "resolved" "https://registry.npmmirror.com/@babel/helper-validator-option/-/helper-validator-option-7.18.6.tgz"
    "version" "7.18.6"
  
  "@babel/helpers@^7.18.9":
    "integrity" "sha512-Jf5a+rbrLoR4eNdUmnFu8cN5eNJT6qdTdOg5IHIzq87WwyRw9PwguLFOWYgktN/60IP4fgDUawJvs7PjQIzELQ=="
    "resolved" "https://registry.npmmirror.com/@babel/helpers/-/helpers-7.18.9.tgz"
    "version" "7.18.9"
    dependencies:
      "@babel/template" "^7.18.6"
      "@babel/traverse" "^7.18.9"
      "@babel/types" "^7.18.9"
  
  "@babel/highlight@^7.18.6":
    "integrity" "sha512-u7stbOuYjaPezCuLj29hNW1v64M2Md2qupEKP1fHc7WdOA3DgLh37suiSrZYY7haUB7iBeQZ9P1uiRF359do3g=="
    "resolved" "https://registry.npmmirror.com/@babel/highlight/-/highlight-7.18.6.tgz"
    "version" "7.18.6"
    dependencies:
      "@babel/helper-validator-identifier" "^7.18.6"
      "chalk" "^2.0.0"
      "js-tokens" "^4.0.0"
  
  "@babel/parser@^7.16.4", "@babel/parser@^7.18.10", "@babel/parser@^7.18.11", "@babel/parser@^7.6.0", "@babel/parser@^7.9.6":
    "integrity" "sha512-9JKn5vN+hDt0Hdqn1PiJ2guflwP+B6Ga8qbDuoF0PzzVhrzsKIJo8yGqVk6CmMHiMei9w1C1Bp9IMJSIK+HPIQ=="
    "resolved" "https://registry.npmmirror.com/@babel/parser/-/parser-7.18.11.tgz"
    "version" "7.18.11"
  
  "@babel/plugin-syntax-import-meta@^7.10.4":
    "integrity" "sha512-Yqfm+XDx0+Prh3VSeEQCPU81yC+JWZ2pDPFSS4ZdpfZhp4MkFMaDC1UqseovEKwSUpnIL7+vK+Clp7bfh0iD7g=="
    "resolved" "https://registry.npmmirror.com/@babel/plugin-syntax-import-meta/-/plugin-syntax-import-meta-7.10.4.tgz"
    "version" "7.10.4"
    dependencies:
      "@babel/helper-plugin-utils" "^7.10.4"
  
  "@babel/plugin-syntax-jsx@^7.0.0":
    "integrity" "sha512-6mmljtAedFGTWu2p/8WIORGwy+61PLgOMPOdazc7YoJ9ZCWUyFy3A6CpPkRKLKD1ToAesxX8KGEViAiLo9N+7Q=="
    "resolved" "https://registry.npmmirror.com/@babel/plugin-syntax-jsx/-/plugin-syntax-jsx-7.18.6.tgz"
    "version" "7.18.6"
    dependencies:
      "@babel/helper-plugin-utils" "^7.18.6"
  
  "@babel/plugin-syntax-typescript@^7.18.6":
    "integrity" "sha512-mAWAuq4rvOepWCBid55JuRNvpTNf2UGVgoz4JV0fXEKolsVZDzsa4NqCef758WZJj/GDu0gVGItjKFiClTAmZA=="
    "resolved" "https://registry.npmmirror.com/@babel/plugin-syntax-typescript/-/plugin-syntax-typescript-7.18.6.tgz"
    "version" "7.18.6"
    dependencies:
      "@babel/helper-plugin-utils" "^7.18.6"
  
  "@babel/plugin-transform-typescript@^7.16.8":
    "integrity" "sha512-2vjjam0cum0miPkenUbQswKowuxs/NjMwIKEq0zwegRxXk12C9YOF9STXnaUptITOtOJHKHpzvvWYOjbm6tc0w=="
    "resolved" "https://registry.npmmirror.com/@babel/plugin-transform-typescript/-/plugin-transform-typescript-7.18.12.tgz"
    "version" "7.18.12"
    dependencies:
      "@babel/helper-create-class-features-plugin" "^7.18.9"
      "@babel/helper-plugin-utils" "^7.18.9"
      "@babel/plugin-syntax-typescript" "^7.18.6"
  
  "@babel/runtime-corejs3@^7.11.2":
    "integrity" "sha512-qZEWeccZCrHA2Au4/X05QW5CMdm4VjUDCrGq5gf1ZDcM4hRqreKrtwAn7yci9zfgAS9apvnsFXiGBHBAxZdK9A=="
    "resolved" "https://registry.npmmirror.com/@babel/runtime-corejs3/-/runtime-corejs3-7.18.9.tgz"
    "version" "7.18.9"
    dependencies:
      "core-js-pure" "^3.20.2"
      "regenerator-runtime" "^0.13.4"
  
  "@babel/runtime@^7.10.5", "@babel/runtime@^7.11.2":
    "integrity" "sha512-lkqXDcvlFT5rvEjiu6+QYO+1GXrEHRo2LOtS7E4GtX5ESIZOgepqsZBVIj6Pv+a6zqsya9VCgiK1KAK4BvJDAw=="
    "resolved" "https://registry.npmmirror.com/@babel/runtime/-/runtime-7.18.9.tgz"
    "version" "7.18.9"
    dependencies:
      "regenerator-runtime" "^0.13.4"
  
  "@babel/template@^7.0.0", "@babel/template@^7.18.10", "@babel/template@^7.18.6":
    "integrity" "sha512-TI+rCtooWHr3QJ27kJxfjutghu44DLnasDMwpDqCXVTal9RLp3RSYNh4NdBrRP2cQAoG9A8juOQl6P6oZG4JxA=="
    "resolved" "https://registry.npmmirror.com/@babel/template/-/template-7.18.10.tgz"
    "version" "7.18.10"
    dependencies:
      "@babel/code-frame" "^7.18.6"
      "@babel/parser" "^7.18.10"
      "@babel/types" "^7.18.10"
  
  "@babel/traverse@^7.0.0", "@babel/traverse@^7.18.10", "@babel/traverse@^7.18.9":
    "integrity" "sha512-TG9PiM2R/cWCAy6BPJKeHzNbu4lPzOSZpeMfeNErskGpTJx6trEvFaVCbDvpcxwy49BKWmEPwiW8mrysNiDvIQ=="
    "resolved" "https://registry.npmmirror.com/@babel/traverse/-/traverse-7.18.11.tgz"
    "version" "7.18.11"
    dependencies:
      "@babel/code-frame" "^7.18.6"
      "@babel/generator" "^7.18.10"
      "@babel/helper-environment-visitor" "^7.18.9"
      "@babel/helper-function-name" "^7.18.9"
      "@babel/helper-hoist-variables" "^7.18.6"
      "@babel/helper-split-export-declaration" "^7.18.6"
      "@babel/parser" "^7.18.11"
      "@babel/types" "^7.18.10"
      "debug" "^4.1.0"
      "globals" "^11.1.0"
  
  "@babel/types@^7.0.0", "@babel/types@^7.18.10", "@babel/types@^7.18.6", "@babel/types@^7.18.9", "@babel/types@^7.6.1", "@babel/types@^7.9.6":
    "integrity" "sha512-MJvnbEiiNkpjo+LknnmRrqbY1GPUUggjv+wQVjetM/AONoupqRALB7I6jGqNUAZsKcRIEu2J6FRFvsczljjsaQ=="
    "resolved" "https://registry.npmmirror.com/@babel/types/-/types-7.18.10.tgz"
    "version" "7.18.10"
    dependencies:
      "@babel/helper-string-parser" "^7.18.10"
      "@babel/helper-validator-identifier" "^7.18.6"
      "to-fast-properties" "^2.0.0"
  
  "@ctrl/tinycolor@^3.4.0":
    "integrity" "sha512-ej5oVy6lykXsvieQtqZxCOaLT+xD4+QNarq78cIYISHmZXshCvROLudpQN3lfL8G0NL7plMSSK+zlyvCaIJ4Iw=="
    "resolved" "https://registry.npmmirror.com/@ctrl/tinycolor/-/tinycolor-3.4.1.tgz"
    "version" "3.4.1"
  
  "@element-plus/icons@^0.0.11":
    "integrity" "sha512-iKQXSxXu131Ai+I9Ymtcof9WId7kaXvB1+WRfAfpQCW7UiAMYgdNDqb/u0hgTo2Yq3MwC4MWJnNuTBEpG8r7+A=="
    "resolved" "https://registry.npmmirror.com/@element-plus/icons/-/icons-0.0.11.tgz"
    "version" "0.0.11"
  
  "@emmetio/abbreviation@^2.2.3":
    "integrity" "sha512-87pltuCPt99aL+y9xS6GPZ+Wmmyhll2WXH73gG/xpGcQ84DRnptBsI2r0BeIQ0EB/SQTOe2ANPqFqj3Rj5FOGA=="
    "resolved" "https://registry.npmmirror.com/@emmetio/abbreviation/-/abbreviation-2.2.3.tgz"
    "version" "2.2.3"
    dependencies:
      "@emmetio/scanner" "^1.0.0"
  
  "@emmetio/css-abbreviation@^2.1.4":
    "integrity" "sha512-qk9L60Y+uRtM5CPbB0y+QNl/1XKE09mSO+AhhSauIfr2YOx/ta3NJw2d8RtCFxgzHeRqFRr8jgyzThbu+MZ4Uw=="
    "resolved" "https://registry.npmmirror.com/@emmetio/css-abbreviation/-/css-abbreviation-2.1.4.tgz"
    "version" "2.1.4"
    dependencies:
      "@emmetio/scanner" "^1.0.0"
  
  "@emmetio/scanner@^1.0.0":
    "integrity" "sha512-8HqW8EVqjnCmWXVpqAOZf+EGESdkR27odcMMMGefgKXtar00SoYNSryGv//TELI4T3QFsECo78p+0lmalk/CFA=="
    "resolved" "https://registry.npmmirror.com/@emmetio/scanner/-/scanner-1.0.0.tgz"
    "version" "1.0.0"
  
  "@fullcalendar/common@~5.11.2":
    "integrity" "sha512-2YBRs4IFrZlo7UL7hEHK+QgnuQnVIfwSspCOy0Qe+DtU2hu3myPrxsW0Tt/8RaoWsRndRDw5jeJzpjcVHDSSGQ=="
    "resolved" "https://registry.npmmirror.com/@fullcalendar/common/-/common-5.11.2.tgz"
    "version" "5.11.2"
    dependencies:
      "tslib" "^2.1.0"
  
  "@fullcalendar/core@^5.10.1":
    "integrity" "sha512-+lO4EWqssONDWF1NO+tiW8KYqKj+MluLAnnRhIKlnFfvNJXEoondWKR6q3jF9Yxe/VmbVFKPq9z6auIxc7zr3A=="
    "resolved" "https://registry.npmmirror.com/@fullcalendar/core/-/core-5.11.2.tgz"
    "version" "5.11.2"
    dependencies:
      "@fullcalendar/common" "~5.11.2"
      "preact" "^10.0.5"
      "tslib" "^2.1.0"
  
  "@fullcalendar/daygrid@^5.10.1":
    "integrity" "sha512-WmR8EAOR8Y9wyxlCK2gBW6lG/dPSN37eM8L7vgc7YgrQE1knL7ISgaUnDfFUNBFztmLakO/ZpeQQFpz3pnJwXg=="
    "resolved" "https://registry.npmmirror.com/@fullcalendar/daygrid/-/daygrid-5.11.2.tgz"
    "version" "5.11.2"
    dependencies:
      "@fullcalendar/common" "~5.11.2"
      "tslib" "^2.1.0"
  
  "@fullcalendar/interaction@^5.10.1":
    "integrity" "sha512-PlUXP9pW62tLgp2DttLC2f8IX5yeRLRboY/knnRKQRlWoX9tUvmIDK2vZPyAHbXikfYcKtL/B91oCaFWF/HrRA=="
    "resolved" "https://registry.npmmirror.com/@fullcalendar/interaction/-/interaction-5.11.2.tgz"
    "version" "5.11.2"
    dependencies:
      "@fullcalendar/common" "~5.11.2"
      "tslib" "^2.1.0"
  
  "@jridgewell/gen-mapping@^0.1.0":
    "integrity" "sha512-sQXCasFk+U8lWYEe66WxRDOE9PjVz4vSM51fTu3Hw+ClTpUSQb718772vH3pyS5pShp6lvQM7SxgIDXXXmOX7w=="
    "resolved" "https://registry.npmmirror.com/@jridgewell/gen-mapping/-/gen-mapping-0.1.1.tgz"
    "version" "0.1.1"
    dependencies:
      "@jridgewell/set-array" "^1.0.0"
      "@jridgewell/sourcemap-codec" "^1.4.10"
  
  "@jridgewell/gen-mapping@^0.3.2":
    "integrity" "sha512-mh65xKQAzI6iBcFzwv28KVWSmCkdRBWoOh+bYQGW3+6OZvbbN3TqMGo5hqYxQniRcH9F2VZIoJCm4pa3BPDK/A=="
    "resolved" "https://registry.npmmirror.com/@jridgewell/gen-mapping/-/gen-mapping-0.3.2.tgz"
    "version" "0.3.2"
    dependencies:
      "@jridgewell/set-array" "^1.0.1"
      "@jridgewell/sourcemap-codec" "^1.4.10"
      "@jridgewell/trace-mapping" "^0.3.9"
  
  "@jridgewell/resolve-uri@^3.0.3":
    "integrity" "sha512-F2msla3tad+Mfht5cJq7LSXcdudKTWCVYUgw6pLFOOHSTtZlj6SWNYAp+AhuqLmWdBO2X5hPrLcu8cVP8fy28w=="
    "resolved" "https://registry.npmmirror.com/@jridgewell/resolve-uri/-/resolve-uri-3.1.0.tgz"
    "version" "3.1.0"
  
  "@jridgewell/set-array@^1.0.0", "@jridgewell/set-array@^1.0.1":
    "integrity" "sha512-xnkseuNADM0gt2bs+BvhO0p78Mk762YnZdsuzFV018NoG1Sj1SCQvpSqa7XUaTam5vAGasABV9qXASMKnFMwMw=="
    "resolved" "https://registry.npmmirror.com/@jridgewell/set-array/-/set-array-1.1.2.tgz"
    "version" "1.1.2"
  
  "@jridgewell/sourcemap-codec@^1.4.10":
    "integrity" "sha512-XPSJHWmi394fuUuzDnGz1wiKqWfo1yXecHQMRf2l6hztTO+nPru658AyDngaBe7isIxEkRsPR3FZh+s7iVa4Uw=="
    "resolved" "https://registry.npmmirror.com/@jridgewell/sourcemap-codec/-/sourcemap-codec-1.4.14.tgz"
    "version" "1.4.14"
  
  "@jridgewell/trace-mapping@^0.3.9":
    "integrity" "sha512-oWZNOULl+UbhsgB51uuZzglikfIKSUBO/M9W2OfEjn7cmqoAiCgmv9lyACTUacZwBz0ITnJ2NqjU8Tx0DHL88g=="
    "resolved" "https://registry.npmmirror.com/@jridgewell/trace-mapping/-/trace-mapping-0.3.15.tgz"
    "version" "0.3.15"
    dependencies:
      "@jridgewell/resolve-uri" "^3.0.3"
      "@jridgewell/sourcemap-codec" "^1.4.10"
  
  "@popperjs/core@^2.10.2":
    "integrity" "sha512-50/17A98tWUfQ176raKiOGXuYpLyyVMkxxG6oylzL3BPOlA6ADGdK7EYunSa4I064xerltq9TGXs8HmOk5E+vw=="
    "resolved" "https://registry.npmmirror.com/@popperjs/core/-/core-2.11.6.tgz"
    "version" "2.11.6"
  
  "@rollup/pluginutils@^4.2.0":
    "integrity" "sha512-iKnFXr7NkdZAIHiIWE+BX5ULi/ucVFYWD6TbAV+rZctiRTY2PL6tsIKhoIOaoskiWAkgu+VsbXgUVDNLHf+InQ=="
    "resolved" "https://registry.npmmirror.com/@rollup/pluginutils/-/pluginutils-4.2.1.tgz"
    "version" "4.2.1"
    dependencies:
      "estree-walker" "^2.0.1"
      "picomatch" "^2.2.2"
  
  "@simonwep/pickr@~1.8.0":
    "integrity" "sha512-/l5w8BIkrpP6n1xsetx9MWPWlU6OblN5YgZZphxan0Tq4BByTCETL6lyIeY8lagalS2Nbt4F2W034KHLIiunKA=="
    "resolved" "https://registry.npmmirror.com/@simonwep/pickr/-/pickr-1.8.2.tgz"
    "version" "1.8.2"
    dependencies:
      "core-js" "^3.15.1"
      "nanopop" "^2.1.0"
  
  "@types/lodash@^4.14.176":
    "integrity" "sha512-UXavyuxzXKMqJPEpFPri6Ku5F9af6ZJXUneHhvQJxavrEjuHkFp2YnDWHcxJiG7hk8ZkWqjcyNeW1s/smZv5cw=="
    "resolved" "https://registry.npmmirror.com/@types/lodash/-/lodash-4.14.183.tgz"
    "version" "4.14.183"
  
  "@types/mockjs@^1.0.4":
    "integrity" "sha512-Yu5YlqbYZyqsd6LjO4e8ONJDN9pTSnciHDcRP4teNOh/au2b8helFhgRx+3w8xsTFEnwr9jtfTVJbAx+eYmlHA=="
    "resolved" "https://registry.npmmirror.com/@types/mockjs/-/mockjs-1.0.6.tgz"
    "version" "1.0.6"
  
  "@types/node@^18.7.6":
    "integrity" "sha512-EdxgKRXgYsNITy5mjjXjVE/CS8YENSdhiagGrLqjG0pvA2owgJ6i4l7wy/PFZGC0B1/H20lWKN7ONVDNYDZm7A=="
    "resolved" "https://registry.npmmirror.com/@types/node/-/node-18.7.6.tgz"
    "version" "18.7.6"
  
  "@vitejs/plugin-vue-jsx@^1.2.0":
    "integrity" "sha512-Cf5zznh4yNMiEMBfTOztaDVDmK1XXfgxClzOSUVUc8WAmHzogrCUeM8B05ABzuGtg0D1amfng+mUmSIOFGP3Pw=="
    "resolved" "https://registry.npmmirror.com/@vitejs/plugin-vue-jsx/-/plugin-vue-jsx-1.3.10.tgz"
    "version" "1.3.10"
    dependencies:
      "@babel/core" "^7.17.9"
      "@babel/plugin-syntax-import-meta" "^7.10.4"
      "@babel/plugin-transform-typescript" "^7.16.8"
      "@rollup/pluginutils" "^4.2.0"
      "@vue/babel-plugin-jsx" "^1.1.1"
      "hash-sum" "^2.0.0"
  
  "@vitejs/plugin-vue@^1.9.3":
    "integrity" "sha512-/QJ0Z9qfhAFtKRY+r57ziY4BSbGUTGsPRMpB/Ron3QPwBZM4OZAZHdTa4a8PafCwU5DTatXG8TMDoP8z+oDqJw=="
    "resolved" "https://registry.npmmirror.com/@vitejs/plugin-vue/-/plugin-vue-1.10.2.tgz"
    "version" "1.10.2"
  
  "@volar/code-gen@^0.27.24":
    "integrity" "sha512-s4j/QqOZUW03PeD6LmVYI00Q1C3CfJEOePDOQwDvCTUov4lFk0iSBtFyYhjlLyQ1pdtV1+TDTErkj2aMQtc4PA=="
    "resolved" "https://registry.npmmirror.com/@volar/code-gen/-/code-gen-0.27.24.tgz"
    "version" "0.27.24"
    dependencies:
      "@volar/shared" "^0.27.24"
      "@volar/source-map" "^0.27.24"
  
  "@volar/html2pug@^0.27.13":
    "integrity" "sha512-3NYgNA5F3PDsKbbpOrVdGy2S7ZYmZIbFmbp1A/27DDzjj/uIC9Pj7HXVvbYOzi8HcOxUPt0BMrh4TVzBUaCFww=="
    "resolved" "https://registry.npmmirror.com/@volar/html2pug/-/html2pug-0.27.13.tgz"
    "version" "0.27.13"
    dependencies:
      "domelementtype" "^2.2.0"
      "domhandler" "^4.2.0"
      "htmlparser2" "^6.1.0"
      "pug" "^3.0.2"
  
  "@volar/shared@^0.27.24":
    "integrity" "sha512-Mi8a4GQaiorfb+o4EqOXDZm9E/uBJXgScFgF+NhtcMBOUKHNMKQyLI7YRGumtyJTTdaX7nSDJjGGTkv23tcOtQ=="
    "resolved" "https://registry.npmmirror.com/@volar/shared/-/shared-0.27.24.tgz"
    "version" "0.27.24"
    dependencies:
      "upath" "^2.0.1"
      "vscode-jsonrpc" "^8.0.0-next.2"
      "vscode-uri" "^3.0.2"
  
  "@volar/source-map@^0.27.24":
    "integrity" "sha512-2I5a7cXqekZ66D6lHep7ttJgvVVtPEBUIe1hnpcGbnXWNA2ya6f6jKNNyTmrXQyfkh32IEuaUd4kocR+3AKMag=="
    "resolved" "https://registry.npmmirror.com/@volar/source-map/-/source-map-0.27.24.tgz"
    "version" "0.27.24"
    dependencies:
      "@volar/shared" "^0.27.24"
  
  "@volar/transforms@^0.27.24":
    "integrity" "sha512-sOHi1ZSapFlxn7yPl4MO5TXd9aWC0BVq2CgXAJ2EESb+ddh2uJbGQgLLNocX+MDh419cUuuFT2QAJpuWHhJcng=="
    "resolved" "https://registry.npmmirror.com/@volar/transforms/-/transforms-0.27.24.tgz"
    "version" "0.27.24"
    dependencies:
      "@volar/shared" "^0.27.24"
      "vscode-languageserver" "^8.0.0-next.2"
  
  "@vscode/emmet-helper@^2.7.0":
    "integrity" "sha512-lUki5QLS47bz/U8IlG9VQ+1lfxMtxMZENmU5nu4Z71eOD5j9FK0SmYGL5NiVJg9WBWeAU0VxRADMY2Qpq7BfVg=="
    "resolved" "https://registry.npmmirror.com/@vscode/emmet-helper/-/emmet-helper-2.8.4.tgz"
    "version" "2.8.4"
    dependencies:
      "emmet" "^2.3.0"
      "jsonc-parser" "^2.3.0"
      "vscode-languageserver-textdocument" "^1.0.1"
      "vscode-languageserver-types" "^3.15.1"
      "vscode-nls" "^5.0.0"
      "vscode-uri" "^2.1.2"
  
  "@vue/babel-helper-vue-transform-on@^1.0.2":
    "integrity" "sha512-hz4R8tS5jMn8lDq6iD+yWL6XNB699pGIVLk7WSJnn1dbpjaazsjZQkieJoRX6gW5zpYSCFqQ7jUquPNY65tQYA=="
    "resolved" "https://registry.npmmirror.com/@vue/babel-helper-vue-transform-on/-/babel-helper-vue-transform-on-1.0.2.tgz"
    "version" "1.0.2"
  
  "@vue/babel-plugin-jsx@^1.1.1":
    "integrity" "sha512-j2uVfZjnB5+zkcbc/zsOc0fSNGCMMjaEXP52wdwdIfn0qjFfEYpYZBFKFg+HHnQeJCVrjOeO0YxgaL7DMrym9w=="
    "resolved" "https://registry.npmmirror.com/@vue/babel-plugin-jsx/-/babel-plugin-jsx-1.1.1.tgz"
    "version" "1.1.1"
    dependencies:
      "@babel/helper-module-imports" "^7.0.0"
      "@babel/plugin-syntax-jsx" "^7.0.0"
      "@babel/template" "^7.0.0"
      "@babel/traverse" "^7.0.0"
      "@babel/types" "^7.0.0"
      "@vue/babel-helper-vue-transform-on" "^1.0.2"
      "camelcase" "^6.0.0"
      "html-tags" "^3.1.0"
      "svg-tags" "^1.0.0"
  
  "@vue/compiler-core@3.2.37":
    "integrity" "sha512-81KhEjo7YAOh0vQJoSmAD68wLfYqJvoiD4ulyedzF+OEk/bk6/hx3fTNVfuzugIIaTrOx4PGx6pAiBRe5e9Zmg=="
    "resolved" "https://registry.npmmirror.com/@vue/compiler-core/-/compiler-core-3.2.37.tgz"
    "version" "3.2.37"
    dependencies:
      "@babel/parser" "^7.16.4"
      "@vue/shared" "3.2.37"
      "estree-walker" "^2.0.2"
      "source-map" "^0.6.1"
  
  "@vue/compiler-dom@^3.2.19", "@vue/compiler-dom@3.2.37":
    "integrity" "sha512-yxJLH167fucHKxaqXpYk7x8z7mMEnXOw3G2q62FTkmsvNxu4FQSu5+3UMb+L7fjKa26DEzhrmCxAgFLLIzVfqQ=="
    "resolved" "https://registry.npmmirror.com/@vue/compiler-dom/-/compiler-dom-3.2.37.tgz"
    "version" "3.2.37"
    dependencies:
      "@vue/compiler-core" "3.2.37"
      "@vue/shared" "3.2.37"
  
  "@vue/compiler-sfc@3.2.37":
    "integrity" "sha512-+7i/2+9LYlpqDv+KTtWhOZH+pa8/HnX/905MdVmAcI/mPQOBwkHHIzrsEsucyOIZQYMkXUiTkmZq5am/NyXKkg=="
    "resolved" "https://registry.npmmirror.com/@vue/compiler-sfc/-/compiler-sfc-3.2.37.tgz"
    "version" "3.2.37"
    dependencies:
      "@babel/parser" "^7.16.4"
      "@vue/compiler-core" "3.2.37"
      "@vue/compiler-dom" "3.2.37"
      "@vue/compiler-ssr" "3.2.37"
      "@vue/reactivity-transform" "3.2.37"
      "@vue/shared" "3.2.37"
      "estree-walker" "^2.0.2"
      "magic-string" "^0.25.7"
      "postcss" "^8.1.10"
      "source-map" "^0.6.1"
  
  "@vue/compiler-ssr@3.2.37":
    "integrity" "sha512-7mQJD7HdXxQjktmsWp/J67lThEIcxLemz1Vb5I6rYJHR5vI+lON3nPGOH3ubmbvYGt8xEUaAr1j7/tIFWiEOqw=="
    "resolved" "https://registry.npmmirror.com/@vue/compiler-ssr/-/compiler-ssr-3.2.37.tgz"
    "version" "3.2.37"
    dependencies:
      "@vue/compiler-dom" "3.2.37"
      "@vue/shared" "3.2.37"
  
  "@vue/devtools-api@^6.1.4":
    "integrity" "sha512-OEgAMeQXvCoJ+1x8WyQuVZzFo0wcyCmUR3baRVLmKBo1LmYZWMlRiXlux5jd0fqVJu6PfDbOrZItVqUEzLobeQ=="
    "resolved" "https://registry.npmmirror.com/@vue/devtools-api/-/devtools-api-6.2.1.tgz"
    "version" "6.2.1"
  
  "@vue/reactivity-transform@3.2.37":
    "integrity" "sha512-IWopkKEb+8qpu/1eMKVeXrK0NLw9HicGviJzhJDEyfxTR9e1WtpnnbYkJWurX6WwoFP0sz10xQg8yL8lgskAZg=="
    "resolved" "https://registry.npmmirror.com/@vue/reactivity-transform/-/reactivity-transform-3.2.37.tgz"
    "version" "3.2.37"
    dependencies:
      "@babel/parser" "^7.16.4"
      "@vue/compiler-core" "3.2.37"
      "@vue/shared" "3.2.37"
      "estree-walker" "^2.0.2"
      "magic-string" "^0.25.7"
  
  "@vue/reactivity@^3.2.19", "@vue/reactivity@3.2.37":
    "integrity" "sha512-/7WRafBOshOc6m3F7plwzPeCu/RCVv9uMpOwa/5PiY1Zz+WLVRWiy0MYKwmg19KBdGtFWsmZ4cD+LOdVPcs52A=="
    "resolved" "https://registry.npmmirror.com/@vue/reactivity/-/reactivity-3.2.37.tgz"
    "version" "3.2.37"
    dependencies:
      "@vue/shared" "3.2.37"
  
  "@vue/runtime-core@3.2.37":
    "integrity" "sha512-JPcd9kFyEdXLl/i0ClS7lwgcs0QpUAWj+SKX2ZC3ANKi1U4DOtiEr6cRqFXsPwY5u1L9fAjkinIdB8Rz3FoYNQ=="
    "resolved" "https://registry.npmmirror.com/@vue/runtime-core/-/runtime-core-3.2.37.tgz"
    "version" "3.2.37"
    dependencies:
      "@vue/reactivity" "3.2.37"
      "@vue/shared" "3.2.37"
  
  "@vue/runtime-dom@3.2.37":
    "integrity" "sha512-HimKdh9BepShW6YozwRKAYjYQWg9mQn63RGEiSswMbW+ssIht1MILYlVGkAGGQbkhSh31PCdoUcfiu4apXJoPw=="
    "resolved" "https://registry.npmmirror.com/@vue/runtime-dom/-/runtime-dom-3.2.37.tgz"
    "version" "3.2.37"
    dependencies:
      "@vue/runtime-core" "3.2.37"
      "@vue/shared" "3.2.37"
      "csstype" "^2.6.8"
  
  "@vue/server-renderer@3.2.37":
    "integrity" "sha512-kLITEJvaYgZQ2h47hIzPh2K3jG8c1zCVbp/o/bzQOyvzaKiCquKS7AaioPI28GNxIsE/zSx+EwWYsNxDCX95MA=="
    "resolved" "https://registry.npmmirror.com/@vue/server-renderer/-/server-renderer-3.2.37.tgz"
    "version" "3.2.37"
    dependencies:
      "@vue/compiler-ssr" "3.2.37"
      "@vue/shared" "3.2.37"
  
  "@vue/shared@^3.2.19", "@vue/shared@3.2.37":
    "integrity" "sha512-4rSJemR2NQIo9Klm1vabqWjD8rs/ZaJSzMxkMNeJS6lHiUjjUeYFbooN19NgFjztubEKh3WlZUeOLVdbbUWHsw=="
    "resolved" "https://registry.npmmirror.com/@vue/shared/-/shared-3.2.37.tgz"
    "version" "3.2.37"
  
  "@vueuse/core@~6.1.0":
    "integrity" "sha512-6KienU5QOWKuDqvHytep14274IGKyLlACzXjifOrgDQMkqvWZIUnDhpckT/1+O8n8DN59d5wzzICZI/2sfGCyg=="
    "resolved" "https://registry.npmmirror.com/@vueuse/core/-/core-6.1.0.tgz"
    "version" "6.1.0"
    dependencies:
      "@vueuse/shared" "6.1.0"
      "vue-demi" "*"
  
  "@vueuse/shared@6.1.0":
    "integrity" "sha512-teW0TUQryGnEprHeOI6oH8NPVJBirknxksEiNCtdEjIi8W7JSTg8JPO+e1XlGI6ly24NDlDXUDYaHJayiaXjuw=="
    "resolved" "https://registry.npmmirror.com/@vueuse/shared/-/shared-6.1.0.tgz"
    "version" "6.1.0"
    dependencies:
      "vue-demi" "*"
  
  "acorn@^7.1.1":
    "integrity" "sha512-nQyp0o1/mNdbTO1PO6kHkwSrmgZ0MT/jCCpNiwbUjGoRN4dlBhqJtoQuCnEOKzgTVwg0ZWiCoQy6SxMebQVh8A=="
    "resolved" "https://registry.npmmirror.com/acorn/-/acorn-7.4.1.tgz"
    "version" "7.4.1"
  
  "ansi-styles@^3.2.1":
    "integrity" "sha512-VT0ZI6kZRdTh8YyJw3SMbYm/u+NqfsAxEpWO0Pf9sq8/e94WxxOpPKx9FR1FlyCtOVDNOQ+8ntlqFxiRc+r5qA=="
    "resolved" "https://registry.npmmirror.com/ansi-styles/-/ansi-styles-3.2.1.tgz"
    "version" "3.2.1"
    dependencies:
      "color-convert" "^1.9.0"
  
  "ant-design-vue@^3.2.11":
    "integrity" "sha512-QKCAcOY5EJF0PepiVGA4X5PzUetYUvG5qALmA+2TON40pc2+brOEiVTwr3kjF9N+f7q4MpyiLPu4pIErwoajOQ=="
    "resolved" "https://registry.npmmirror.com/ant-design-vue/-/ant-design-vue-3.2.11.tgz"
    "version" "3.2.11"
    dependencies:
      "@ant-design/colors" "^6.0.0"
      "@ant-design/icons-vue" "^6.1.0"
      "@babel/runtime" "^7.10.5"
      "@ctrl/tinycolor" "^3.4.0"
      "@simonwep/pickr" "~1.8.0"
      "array-tree-filter" "^2.1.0"
      "async-validator" "^4.0.0"
      "dayjs" "^1.10.5"
      "dom-align" "^1.12.1"
      "dom-scroll-into-view" "^2.0.0"
      "lodash" "^4.17.21"
      "lodash-es" "^4.17.15"
      "resize-observer-polyfill" "^1.5.1"
      "scroll-into-view-if-needed" "^2.2.25"
      "shallow-equal" "^1.0.0"
      "vue-types" "^3.0.0"
      "warning" "^4.0.0"
  
  "anymatch@~3.1.2":
    "integrity" "sha512-P43ePfOAIupkguHUycrc4qJ9kz8ZiuOUijaETwX7THt0Y/GNK7v0aa8rY816xWjZ7rJdA5XdMcpVFTKMq+RvWg=="
    "resolved" "https://registry.npmmirror.com/anymatch/-/anymatch-3.1.2.tgz"
    "version" "3.1.2"
    dependencies:
      "normalize-path" "^3.0.0"
      "picomatch" "^2.0.4"
  
  "array-tree-filter@^2.1.0":
    "integrity" "sha512-4ROwICNlNw/Hqa9v+rk5h22KjmzB1JGTMVKP2AKJBOCgb0yL0ASf0+YvCcLNNwquOHNX48jkeZIJ3a+oOQqKcw=="
    "resolved" "https://registry.npmmirror.com/array-tree-filter/-/array-tree-filter-2.1.0.tgz"
    "version" "2.1.0"
  
  "asap@~2.0.3":
    "integrity" "sha512-BSHWgDSAiKs50o2Re8ppvp3seVHXSRM44cdSsT9FfNEUUZLOGWVCsiWaRPWM1Znn+mqZ1OfVZ3z3DWEzSp7hRA=="
    "resolved" "https://registry.npmmirror.com/asap/-/asap-2.0.6.tgz"
    "version" "2.0.6"
  
  "assert-never@^1.2.1":
    "integrity" "sha512-TaTivMB6pYI1kXwrFlEhLeGfOqoDNdTxjCdwRfFFkEA30Eu+k48W34nlok2EYWJfFFzqaEmichdNM7th6M5HNw=="
    "resolved" "https://registry.npmmirror.com/assert-never/-/assert-never-1.2.1.tgz"
    "version" "1.2.1"
  
  "async-validator@^4.0.0", "async-validator@^4.0.3":
    "integrity" "sha512-7HhHjtERjqlNbZtqNqy2rckN/SpOOlmDliet+lP7k+eKZEjPk3DgyeU9lIXLdeLz0uBbbVp+9Qdow9wJWgwwfg=="
    "resolved" "https://registry.npmmirror.com/async-validator/-/async-validator-4.2.5.tgz"
    "version" "4.2.5"
  
  "axios@^0.24.0":
    "integrity" "sha512-Q6cWsys88HoPgAaFAVUb0WpPk0O8iTeisR9IMqy9G8AbO4NlpVknrnQS03zzF9PGAWgO3cgletO3VjV/P7VztA=="
    "resolved" "https://registry.npmmirror.com/axios/-/axios-0.24.0.tgz"
    "version" "0.24.0"
    dependencies:
      "follow-redirects" "^1.14.4"
  
  "babel-walk@3.0.0-canary-5":
    "integrity" "sha512-GAwkz0AihzY5bkwIY5QDR+LvsRQgB/B+1foMPvi0FZPMl5fjD7ICiznUiBdLYMH1QYe6vqu4gWYytZOccLouFw=="
    "resolved" "https://registry.npmmirror.com/babel-walk/-/babel-walk-3.0.0-canary-5.tgz"
    "version" "3.0.0-canary-5"
    dependencies:
      "@babel/types" "^7.9.6"
  
  "binary-extensions@^2.0.0":
    "integrity" "sha512-jDctJ/IVQbZoJykoeHbhXpOlNBqGNcwXJKJog42E5HDPUwQTSdjCHdihjj0DlnheQ7blbT6dHOafNAiS8ooQKA=="
    "resolved" "https://registry.npmmirror.com/binary-extensions/-/binary-extensions-2.2.0.tgz"
    "version" "2.2.0"
  
  "braces@~3.0.2":
    "integrity" "sha512-b8um+L1RzM3WDSzvhm6gIz1yfTbBt6YTlcEKAvsmqCZZFw46z626lVj9j1yEPW33H5H+lBQpZMP1k8l+78Ha0A=="
    "resolved" "https://registry.npmmirror.com/braces/-/braces-3.0.2.tgz"
    "version" "3.0.2"
    dependencies:
      "fill-range" "^7.0.1"
  
  "browserslist@^4.20.2", "browserslist@>= 4.21.0":
    "integrity" "sha512-898rgRXLAyRkM1GryrrBHGkqA5hlpkV5MhtZwg9QXeiyLUYs2k00Un05aX5l2/yJIOObYKOpS2JNo8nJDE7fWQ=="
    "resolved" "https://registry.npmmirror.com/browserslist/-/browserslist-4.21.3.tgz"
    "version" "4.21.3"
    dependencies:
      "caniuse-lite" "^1.0.30001370"
      "electron-to-chromium" "^1.4.202"
      "node-releases" "^2.0.6"
      "update-browserslist-db" "^1.0.5"
  
  "call-bind@^1.0.2":
    "integrity" "sha512-7O+FbCihrB5WGbFYesctwmTKae6rOiIzmz1icreWJ+0aA7LJfuqhEso2T9ncpcFtzMQtzXf2QGGueWJGTYsqrA=="
    "resolved" "https://registry.npmmirror.com/call-bind/-/call-bind-1.0.2.tgz"
    "version" "1.0.2"
    dependencies:
      "function-bind" "^1.1.1"
      "get-intrinsic" "^1.0.2"
  
  "camelcase@^6.0.0":
    "integrity" "sha512-Gmy6FhYlCY7uOElZUSbxo2UCDH8owEk996gkbrpsgGtrJLM3J7jGxl9Ic7Qwwj4ivOE5AWZWRMecDdF7hqGjFA=="
    "resolved" "https://registry.npmmirror.com/camelcase/-/camelcase-6.3.0.tgz"
    "version" "6.3.0"
  
  "caniuse-lite@^1.0.30001370":
    "integrity" "sha512-JVQnfoO7FK7WvU4ZkBRbPjaot4+YqxogSDosHv0Hv5mWpUESmN+UubMU6L/hGz8QlQ2aY5U0vR6MOs6j/CXpNA=="
    "resolved" "https://registry.npmmirror.com/caniuse-lite/-/caniuse-lite-1.0.30001378.tgz"
    "version" "1.0.30001378"
  
  "chalk@^2.0.0":
    "integrity" "sha512-Mti+f9lpJNcwF4tWV8/OrTTtF1gZi+f8FqlyAdouralcFWFQWF2+NgCHShjkCb+IFBLq9buZwE1xckQU4peSuQ=="
    "resolved" "https://registry.npmmirror.com/chalk/-/chalk-2.4.2.tgz"
    "version" "2.4.2"
    dependencies:
      "ansi-styles" "^3.2.1"
      "escape-string-regexp" "^1.0.5"
      "supports-color" "^5.3.0"
  
  "character-parser@^2.2.0":
    "integrity" "sha512-+UqJQjFEFaTAs3bNsF2j2kEN1baG/zghZbdqoYEDxGZtJo9LBzl1A+m0D4n3qKx8N2FNv8/Xp6yV9mQmBuptaw=="
    "resolved" "https://registry.npmmirror.com/character-parser/-/character-parser-2.2.0.tgz"
    "version" "2.2.0"
    dependencies:
      "is-regex" "^1.0.3"
  
  "chokidar@>=3.0.0 <4.0.0":
    "integrity" "sha512-Dr3sfKRP6oTcjf2JmUmFJfeVMvXBdegxB0iVQ5eb2V10uFJUCAS8OByZdVAyVb8xXNz3GjjTgj9kLWsZTqE6kw=="
    "resolved" "https://registry.npmmirror.com/chokidar/-/chokidar-3.5.3.tgz"
    "version" "3.5.3"
    dependencies:
      "anymatch" "~3.1.2"
      "braces" "~3.0.2"
      "glob-parent" "~5.1.2"
      "is-binary-path" "~2.1.0"
      "is-glob" "~4.0.1"
      "normalize-path" "~3.0.0"
      "readdirp" "~3.6.0"
    optionalDependencies:
      "fsevents" "~2.3.2"
  
  "color-convert@^1.9.0":
    "integrity" "sha512-QfAUtd+vFdAtFQcC8CCyYt1fYWxSqAiK2cSD6zDB8N3cpsEBAvRxp9zOGg6G/SHHJYAT88/az/IuDGALsNVbGg=="
    "resolved" "https://registry.npmmirror.com/color-convert/-/color-convert-1.9.3.tgz"
    "version" "1.9.3"
    dependencies:
      "color-name" "1.1.3"
  
  "color-name@1.1.3":
    "integrity" "sha512-72fSenhMw2HZMTVHeCA9KCmpEIbzWiQsjN+BHcBbS9vr1mtt+vJjPdksIBNUmKAW8TFUDPJK5SUU3QhE9NEXDw=="
    "resolved" "https://registry.npmmirror.com/color-name/-/color-name-1.1.3.tgz"
    "version" "1.1.3"
  
  "commander@*":
    "integrity" "sha512-sRPT+umqkz90UA8M1yqYfnHlZA7fF6nSphDtxeywPZ49ysjxDQybzk13CL+mXekDRG92skbcqCLVovuCusNmFw=="
    "resolved" "https://registry.npmmirror.com/commander/-/commander-9.4.0.tgz"
    "version" "9.4.0"
  
  "compute-scroll-into-view@^1.0.17":
    "integrity" "sha512-j4dx+Fb0URmzbwwMUrhqWM2BEWHdFGx+qZ9qqASHRPqvTYdqvWnHg0H1hIbcyLnvgnoNAVMlwkepyqM3DaIFUg=="
    "resolved" "https://registry.npmmirror.com/compute-scroll-into-view/-/compute-scroll-into-view-1.0.17.tgz"
    "version" "1.0.17"
  
  "constantinople@^4.0.1":
    "integrity" "sha512-vCrqcSIq4//Gx74TXXCGnHpulY1dskqLTFGDmhrGxzeXL8lF8kvXv6mpNWlJj1uD4DW23D4ljAqbY4RRaaUZIw=="
    "resolved" "https://registry.npmmirror.com/constantinople/-/constantinople-4.0.1.tgz"
    "version" "4.0.1"
    dependencies:
      "@babel/parser" "^7.6.0"
      "@babel/types" "^7.6.1"
  
  "convert-source-map@^1.7.0":
    "integrity" "sha512-+OQdjP49zViI/6i7nIJpA8rAl4sV/JdPfU9nZs3VqOwGIgizICvuN2ru6fMd+4llL0tar18UYJXfZ/TWtmhUjA=="
    "resolved" "https://registry.npmmirror.com/convert-source-map/-/convert-source-map-1.8.0.tgz"
    "version" "1.8.0"
    dependencies:
      "safe-buffer" "~5.1.1"
  
  "copy-anything@^2.0.1":
    "integrity" "sha512-1j20GZTsvKNkc4BY3NpMOM8tt///wY3FpIzozTOFO2ffuZcV61nojHXVKIy3WM+7ADCy5FVhdZYHYDdgTU0yJw=="
    "resolved" "https://registry.npmmirror.com/copy-anything/-/copy-anything-2.0.6.tgz"
    "version" "2.0.6"
    dependencies:
      "is-what" "^3.14.1"
  
  "core-js-pure@^3.20.2":
    "integrity" "sha512-r1nJk41QLLPyozHUUPmILCEMtMw24NG4oWK6RbsDdjzQgg9ZvrUsPBj1MnG0wXXp1DCDU6j+wUvEmBSrtRbLXg=="
    "resolved" "https://registry.npmmirror.com/core-js-pure/-/core-js-pure-3.24.1.tgz"
    "version" "3.24.1"
  
  "core-js@^3.15.1":
    "integrity" "sha512-0QTBSYSUZ6Gq21utGzkfITDylE8jWC9Ne1D2MrhvlsZBI1x39OdDIVbzSqtgMndIy6BlHxBXpMGqzZmnztg2rg=="
    "resolved" "https://registry.npmmirror.com/core-js/-/core-js-3.24.1.tgz"
    "version" "3.24.1"
  
  "csstype@^2.6.8":
    "integrity" "sha512-/WwNkdXfckNgw6S5R125rrW8ez139lBHWouiBvX8dfMFtcn6V81REDqnH7+CRpRipfYlyU1CmOnOxrmGcFOjeA=="
    "resolved" "https://registry.npmmirror.com/csstype/-/csstype-2.6.20.tgz"
    "version" "2.6.20"
  
  "dayjs@^1.10.5", "dayjs@^1.10.7":
    "integrity" "sha512-CAdX5Q3YW3Gclyo5Vpqkgpj8fSdLQcRuzfX6mC6Phy0nfJ0eGYOeS7m4mt2plDWLAtA4TqTakvbboHvUxfe4iA=="
    "resolved" "https://registry.npmmirror.com/dayjs/-/dayjs-1.11.5.tgz"
    "version" "1.11.5"
  
  "debug@^3.2.6":
    "integrity" "sha512-CFjzYYAi4ThfiQvizrFQevTTXHtnCqWfe7x1AhgEscTz6ZbLbfoLRLPugTQyBth6f8ZERVUSyWHFD/7Wu4t1XQ=="
    "resolved" "https://registry.npmmirror.com/debug/-/debug-3.2.7.tgz"
    "version" "3.2.7"
    dependencies:
      "ms" "^2.1.1"
  
  "debug@^4.1.0":
    "integrity" "sha512-PRWFHuSU3eDtQJPvnNY7Jcket1j0t5OuOsFzPPzsekD52Zl8qUfFIPEiswXqIvHWGVHOgX+7G/vCNNhehwxfkQ=="
    "resolved" "https://registry.npmmirror.com/debug/-/debug-4.3.4.tgz"
    "version" "4.3.4"
    dependencies:
      "ms" "2.1.2"
  
  "doctypes@^1.1.0":
    "integrity" "sha512-LLBi6pEqS6Do3EKQ3J0NqHWV5hhb78Pi8vvESYwyOy2c31ZEZVdtitdzsQsKb7878PEERhzUk0ftqGhG6Mz+pQ=="
    "resolved" "https://registry.npmmirror.com/doctypes/-/doctypes-1.1.0.tgz"
    "version" "1.1.0"
  
  "dom-align@^1.12.1":
    "integrity" "sha512-Gj9hZN3a07cbR6zviMUBOMPdWxYhbMI+x+WS0NAIu2zFZmbK8ys9R79g+iG9qLnlCwpFoaB+fKy8Pdv470GsPA=="
    "resolved" "https://registry.npmmirror.com/dom-align/-/dom-align-1.12.3.tgz"
    "version" "1.12.3"
  
  "dom-scroll-into-view@^2.0.0":
    "integrity" "sha512-bvVTQe1lfaUr1oFzZX80ce9KLDlZ3iU+XGNE/bz9HnGdklTieqsbmsLHe+rT2XWqopvL0PckkYqN7ksmm5pe3w=="
    "resolved" "https://registry.npmmirror.com/dom-scroll-into-view/-/dom-scroll-into-view-2.0.1.tgz"
    "version" "2.0.1"
  
  "dom-serializer@^1.0.1":
    "integrity" "sha512-VHwB3KfrcOOkelEG2ZOfxqLZdfkil8PtJi4P8N2MMXucZq2yLp75ClViUlOVwyoHEDjYU433Aq+5zWP61+RGag=="
    "resolved" "https://registry.npmmirror.com/dom-serializer/-/dom-serializer-1.4.1.tgz"
    "version" "1.4.1"
    dependencies:
      "domelementtype" "^2.0.1"
      "domhandler" "^4.2.0"
      "entities" "^2.0.0"
  
  "domelementtype@^2.0.1", "domelementtype@^2.2.0":
    "integrity" "sha512-OLETBj6w0OsagBwdXnPdN0cnMfF9opN69co+7ZrbfPGrdpPVNBUj02spi6B1N7wChLQiPn4CSH/zJvXw56gmHw=="
    "resolved" "https://registry.npmmirror.com/domelementtype/-/domelementtype-2.3.0.tgz"
    "version" "2.3.0"
  
  "domhandler@^4.0.0", "domhandler@^4.2.0":
    "integrity" "sha512-GrwoxYN+uWlzO8uhUXRl0P+kHE4GtVPfYzVLcUxPL7KNdHKj66vvlhiweIHqYYXWlw+T8iLMp42Lm67ghw4WMQ=="
    "resolved" "https://registry.npmmirror.com/domhandler/-/domhandler-4.3.1.tgz"
    "version" "4.3.1"
    dependencies:
      "domelementtype" "^2.2.0"
  
  "domutils@^2.5.2":
    "integrity" "sha512-w96Cjofp72M5IIhpjgobBimYEfoPjx1Vx0BSX9P30WBdZW2WIKU0T1Bd0kz2eNZ9ikjKgHbEyKx8BB6H1L3h3A=="
    "resolved" "https://registry.npmmirror.com/domutils/-/domutils-2.8.0.tgz"
    "version" "2.8.0"
    dependencies:
      "dom-serializer" "^1.0.1"
      "domelementtype" "^2.2.0"
      "domhandler" "^4.2.0"
  
  "electron-to-chromium@^1.4.202":
    "integrity" "sha512-gEM2awN5HZknWdLbngk4uQCVfhucFAfFzuchP3wM3NN6eow1eDU0dFy2kts43FB20ZfhVFF0jmFSTb1h5OhyIg=="
    "resolved" "https://registry.npmmirror.com/electron-to-chromium/-/electron-to-chromium-1.4.222.tgz"
    "version" "1.4.222"
  
  "element-plus@^1.1.0-beta.20":
    "integrity" "sha512-dmo61e/D6mwJVacMhxOMSPb5sZPt/FPsuQQfsOs1kJWkhGDmTlny/sZvgIQr1z0zh3pjlJadGAlNS+0nySPMmw=="
    "resolved" "https://registry.npmmirror.com/element-plus/-/element-plus-1.1.0-beta.24.tgz"
    "version" "1.1.0-beta.24"
    dependencies:
      "@element-plus/icons" "^0.0.11"
      "@popperjs/core" "^2.10.2"
      "@vueuse/core" "~6.1.0"
      "async-validator" "^4.0.3"
      "dayjs" "^1.10.7"
      "lodash" "^4.17.21"
      "memoize-one" "^5.2.1"
      "normalize-wheel-es" "^1.1.0"
      "resize-observer-polyfill" "^1.5.1"
  
  "emmet@^2.3.0":
    "integrity" "sha512-pLS4PBPDdxuUAmw7Me7+TcHbykTsBKN/S9XJbUOMFQrNv9MoshzyMFK/R57JBm94/6HSL4vHnDeEmxlC82NQ4A=="
    "resolved" "https://registry.npmmirror.com/emmet/-/emmet-2.3.6.tgz"
    "version" "2.3.6"
    dependencies:
      "@emmetio/abbreviation" "^2.2.3"
      "@emmetio/css-abbreviation" "^2.1.4"
  
  "entities@^2.0.0":
    "integrity" "sha512-p92if5Nz619I0w+akJrLZH0MX0Pb5DX39XOwQTtXSdQQOaYH03S1uIQp4mhOZtAXrxq4ViO67YTiLBo2638o9A=="
    "resolved" "https://registry.npmmirror.com/entities/-/entities-2.2.0.tgz"
    "version" "2.2.0"
  
  "errno@^0.1.1":
    "integrity" "sha512-dJ6oBr5SQ1VSd9qkk7ByRgb/1SH4JZjCHSW/mr63/QcXO9zLVxvJ6Oy13nio03rxpSnVDDjFor75SjVeZWPW/A=="
    "resolved" "https://registry.npmmirror.com/errno/-/errno-0.1.8.tgz"
    "version" "0.1.8"
    dependencies:
      "prr" "~1.0.1"
  
  "esbuild-windows-64@0.14.54":
    "integrity" "sha512-AoHTRBUuYwXtZhjXZbA1pGfTo8cJo3vZIcWGLiUcTNgHpJJMC1rVA44ZereBHMJtotyN71S8Qw0npiCIkW96cQ=="
    "resolved" "https://registry.npmmirror.com/esbuild-windows-64/-/esbuild-windows-64-0.14.54.tgz"
    "version" "0.14.54"
  
  "esbuild@^0.14.27":
    "integrity" "sha512-Cy9llcy8DvET5uznocPyqL3BFRrFXSVqbgpMJ9Wz8oVjZlh/zUSNbPRbov0VX7VxN2JH1Oa0uNxZ7eLRb62pJA=="
    "resolved" "https://registry.npmmirror.com/esbuild/-/esbuild-0.14.54.tgz"
    "version" "0.14.54"
    optionalDependencies:
      "@esbuild/linux-loong64" "0.14.54"
      "esbuild-android-64" "0.14.54"
      "esbuild-android-arm64" "0.14.54"
      "esbuild-darwin-64" "0.14.54"
      "esbuild-darwin-arm64" "0.14.54"
      "esbuild-freebsd-64" "0.14.54"
      "esbuild-freebsd-arm64" "0.14.54"
      "esbuild-linux-32" "0.14.54"
      "esbuild-linux-64" "0.14.54"
      "esbuild-linux-arm" "0.14.54"
      "esbuild-linux-arm64" "0.14.54"
      "esbuild-linux-mips64le" "0.14.54"
      "esbuild-linux-ppc64le" "0.14.54"
      "esbuild-linux-riscv64" "0.14.54"
      "esbuild-linux-s390x" "0.14.54"
      "esbuild-netbsd-64" "0.14.54"
      "esbuild-openbsd-64" "0.14.54"
      "esbuild-sunos-64" "0.14.54"
      "esbuild-windows-32" "0.14.54"
      "esbuild-windows-64" "0.14.54"
      "esbuild-windows-arm64" "0.14.54"
  
  "escalade@^3.1.1":
    "integrity" "sha512-k0er2gUkLf8O0zKJiAhmkTnJlTvINGv7ygDNPbeIsX/TJjGJZHuh9B2UxbsaEkmlEo9MfhrSzmhIlhRlI2GXnw=="
    "resolved" "https://registry.npmmirror.com/escalade/-/escalade-3.1.1.tgz"
    "version" "3.1.1"
  
  "escape-string-regexp@^1.0.5":
    "integrity" "sha512-vbRorB5FUQWvla16U8R/qgaFIya2qGzwDrNmCZuYKrbdSUMG6I1ZCGQRefkRVhuOkIGVne7BQ35DSfo1qvJqFg=="
    "resolved" "https://registry.npmmirror.com/escape-string-regexp/-/escape-string-regexp-1.0.5.tgz"
    "version" "1.0.5"
  
  "estree-walker@^2.0.1", "estree-walker@^2.0.2":
    "integrity" "sha512-Rfkk/Mp/DL7JVje3u18FxFujQlTNR2q6QfMSMB7AvCBx91NGj/ba3kCfza0f6dVDbw7YlRf/nDrn7pQrCCyQ/w=="
    "resolved" "https://registry.npmmirror.com/estree-walker/-/estree-walker-2.0.2.tgz"
    "version" "2.0.2"
  
  "fill-range@^7.0.1":
    "integrity" "sha512-qOo9F+dMUmC2Lcb4BbVvnKJxTPjCm+RRpe4gDuGrzkL7mEVl/djYSu2OdQ2Pa302N4oqkSg9ir6jaLWJ2USVpQ=="
    "resolved" "https://registry.npmmirror.com/fill-range/-/fill-range-7.0.1.tgz"
    "version" "7.0.1"
    dependencies:
      "to-regex-range" "^5.0.1"
  
  "follow-redirects@^1.14.4":
    "integrity" "sha512-yLAMQs+k0b2m7cVxpS1VKJVvoz7SS9Td1zss3XRwXj+ZDH00RJgnuLx7E44wx02kQLrdM3aOOy+FpzS7+8OizA=="
    "resolved" "https://registry.npmmirror.com/follow-redirects/-/follow-redirects-1.15.1.tgz"
    "version" "1.15.1"
  
  "function-bind@^1.1.1":
    "integrity" "sha512-yIovAzMX49sF8Yl58fSCWJ5svSLuaibPxXQJFLmBObTuCr0Mf1KiPopGM9NiFjiYBCbfaa2Fh6breQ6ANVTI0A=="
    "resolved" "https://registry.npmmirror.com/function-bind/-/function-bind-1.1.1.tgz"
    "version" "1.1.1"
  
  "gensync@^1.0.0-beta.2":
    "integrity" "sha512-3hN7NaskYvMDLQY55gnW3NQ+mesEAepTqlg+VEbj7zzqEMBVNhzcGYYeqFo/TlYz6eQiFcp1HcsCZO+nGgS8zg=="
    "resolved" "https://registry.npmmirror.com/gensync/-/gensync-1.0.0-beta.2.tgz"
    "version" "1.0.0-beta.2"
  
  "get-intrinsic@^1.0.2":
    "integrity" "sha512-Jfm3OyCxHh9DJyc28qGk+JmfkpO41A4XkneDSujN9MDXrm4oDKdHvndhZ2dN94+ERNfkYJWDclW6k2L/ZGHjXA=="
    "resolved" "https://registry.npmmirror.com/get-intrinsic/-/get-intrinsic-1.1.2.tgz"
    "version" "1.1.2"
    dependencies:
      "function-bind" "^1.1.1"
      "has" "^1.0.3"
      "has-symbols" "^1.0.3"
  
  "glob-parent@~5.1.2":
    "integrity" "sha512-AOIgSQCepiJYwP3ARnGx+5VnTu2HBYdzbGP45eLw1vr3zB3vZLeyed1sC9hnbcOc9/SrMyM5RPQrkGz4aS9Zow=="
    "resolved" "https://registry.npmmirror.com/glob-parent/-/glob-parent-5.1.2.tgz"
    "version" "5.1.2"
    dependencies:
      "is-glob" "^4.0.1"
  
  "globals@^11.1.0":
    "integrity" "sha512-WOBp/EEGUiIsJSp7wcv/y6MO+lV9UoncWqxuFfm8eBwzWNgyfBd6Gz+IeKQ9jCmyhoH99g15M3T+QaVHFjizVA=="
    "resolved" "https://registry.npmmirror.com/globals/-/globals-11.12.0.tgz"
    "version" "11.12.0"
  
  "graceful-fs@^4.1.2":
    "integrity" "sha512-9ByhssR2fPVsNZj478qUUbKfmL0+t5BDVyjShtyZZLiK7ZDAArFFfopyOTj0M05wE2tJPisA4iTnnXl2YoPvOA=="
    "resolved" "https://registry.npmmirror.com/graceful-fs/-/graceful-fs-4.2.10.tgz"
    "version" "4.2.10"
  
  "has-flag@^3.0.0":
    "integrity" "sha512-sKJf1+ceQBr4SMkvQnBDNDtf4TXpVhVGateu0t918bl30FnbE2m4vNLX+VWe/dpjlb+HugGYzW7uQXH98HPEYw=="
    "resolved" "https://registry.npmmirror.com/has-flag/-/has-flag-3.0.0.tgz"
    "version" "3.0.0"
  
  "has-symbols@^1.0.2", "has-symbols@^1.0.3":
    "integrity" "sha512-l3LCuF6MgDNwTDKkdYGEihYjt5pRPbEg46rtlmnSPlUbgmB8LOIrKJbYYFBSbnPaJexMKtiPO8hmeRjRz2Td+A=="
    "resolved" "https://registry.npmmirror.com/has-symbols/-/has-symbols-1.0.3.tgz"
    "version" "1.0.3"
  
  "has-tostringtag@^1.0.0":
    "integrity" "sha512-kFjcSNhnlGV1kyoGk7OXKSawH5JOb/LzUc5w9B02hOTO0dfFRjbHQKvg1d6cf3HbeUmtU9VbbV3qzZ2Teh97WQ=="
    "resolved" "https://registry.npmmirror.com/has-tostringtag/-/has-tostringtag-1.0.0.tgz"
    "version" "1.0.0"
    dependencies:
      "has-symbols" "^1.0.2"
  
  "has@^1.0.3":
    "integrity" "sha512-f2dvO0VU6Oej7RkWJGrehjbzMAjFp5/VKPp5tTpWIV4JHHZK1/BxbFRtf/siA2SWTe09caDmVtYYzWEIbBS4zw=="
    "resolved" "https://registry.npmmirror.com/has/-/has-1.0.3.tgz"
    "version" "1.0.3"
    dependencies:
      "function-bind" "^1.1.1"
  
  "hash-sum@^2.0.0":
    "integrity" "sha512-WdZTbAByD+pHfl/g9QSsBIIwy8IT+EsPiKDs0KNX+zSHhdDLFKdZu0BQHljvO+0QI/BasbMSUa8wYNCZTvhslg=="
    "resolved" "https://registry.npmmirror.com/hash-sum/-/hash-sum-2.0.0.tgz"
    "version" "2.0.0"
  
  "html-tags@^3.1.0":
    "integrity" "sha512-vy7ClnArOZwCnqZgvv+ddgHgJiAFXe3Ge9ML5/mBctVJoUoYPCdxVucOywjDARn6CVoh3dRSFdPHy2sX80L0Wg=="
    "resolved" "https://registry.npmmirror.com/html-tags/-/html-tags-3.2.0.tgz"
    "version" "3.2.0"
  
  "htmlparser2@^6.1.0":
    "integrity" "sha512-gyyPk6rgonLFEDGoeRgQNaEUvdJ4ktTmmUh/h2t7s+M8oPpIPxgNACWa+6ESR57kXstwqPiCut0V8NRpcwgU7A=="
    "resolved" "https://registry.npmmirror.com/htmlparser2/-/htmlparser2-6.1.0.tgz"
    "version" "6.1.0"
    dependencies:
      "domelementtype" "^2.0.1"
      "domhandler" "^4.0.0"
      "domutils" "^2.5.2"
      "entities" "^2.0.0"
  
  "iconv-lite@^0.6.3":
    "integrity" "sha512-4fCk79wshMdzMp2rH06qWrJE4iolqLhCUH+OiuIgU++RB0+94NlDL81atO7GX55uUKueo0txHNtvEyI6D7WdMw=="
    "resolved" "https://registry.npmmirror.com/iconv-lite/-/iconv-lite-0.6.3.tgz"
    "version" "0.6.3"
    dependencies:
      "safer-buffer" ">= 2.1.2 < 3.0.0"
  
  "image-size@~0.5.0":
    "integrity" "sha512-6TDAlDPZxUFCv+fuOkIoXT/V/f3Qbq8e37p+YOiYrUv3v9cc3/6x78VdfPgFVaB9dZYeLUfKgHRebpkm/oP2VQ=="
    "resolved" "https://registry.npmmirror.com/image-size/-/image-size-0.5.5.tgz"
    "version" "0.5.5"
  
  "immutable@^4.0.0":
    "integrity" "sha512-oNkuqVTA8jqG1Q6c+UglTOD1xhC1BtjKI7XkCXRkZHrN5m18/XsnUp8Q89GkQO/z+0WjonSvl0FLhDYftp46nQ=="
    "resolved" "https://registry.npmmirror.com/immutable/-/immutable-4.1.0.tgz"
    "version" "4.1.0"
  
  "is-binary-path@~2.1.0":
    "integrity" "sha512-ZMERYes6pDydyuGidse7OsHxtbI7WVeUEozgR/g7rd0xUimYNlvZRE/K2MgZTjWy725IfelLeVcEM97mmtRGXw=="
    "resolved" "https://registry.npmmirror.com/is-binary-path/-/is-binary-path-2.1.0.tgz"
    "version" "2.1.0"
    dependencies:
      "binary-extensions" "^2.0.0"
  
  "is-core-module@^2.9.0":
    "integrity" "sha512-Erxj2n/LDAZ7H8WNJXd9tw38GYM3dv8rk8Zcs+jJuxYTW7sozH+SS8NtrSjVL1/vpLvWi1hxy96IzjJ3EHTJJg=="
    "resolved" "https://registry.npmmirror.com/is-core-module/-/is-core-module-2.10.0.tgz"
    "version" "2.10.0"
    dependencies:
      "has" "^1.0.3"
  
  "is-expression@^4.0.0":
    "integrity" "sha512-zMIXX63sxzG3XrkHkrAPvm/OVZVSCPNkwMHU8oTX7/U3AL78I0QXCEICXUM13BIa8TYGZ68PiTKfQz3yaTNr4A=="
    "resolved" "https://registry.npmmirror.com/is-expression/-/is-expression-4.0.0.tgz"
    "version" "4.0.0"
    dependencies:
      "acorn" "^7.1.1"
      "object-assign" "^4.1.1"
  
  "is-extglob@^2.1.1":
    "integrity" "sha512-SbKbANkN603Vi4jEZv49LeVJMn4yGwsbzZworEoyEiutsN3nJYdbO36zfhGJ6QEDpOZIFkDtnq5JRxmvl3jsoQ=="
    "resolved" "https://registry.npmmirror.com/is-extglob/-/is-extglob-2.1.1.tgz"
    "version" "2.1.1"
  
  "is-glob@^4.0.1", "is-glob@~4.0.1":
    "integrity" "sha512-xelSayHH36ZgE7ZWhli7pW34hNbNl8Ojv5KVmkJD4hBdD3th8Tfk9vYasLM+mXWOZhFkgZfxhLSnrwRr4elSSg=="
    "resolved" "https://registry.npmmirror.com/is-glob/-/is-glob-4.0.3.tgz"
    "version" "4.0.3"
    dependencies:
      "is-extglob" "^2.1.1"
  
  "is-number@^7.0.0":
    "integrity" "sha512-41Cifkg6e8TylSpdtTpeLVMqvSBEVzTttHvERD741+pnZ8ANv0004MRL43QKPDlK9cGvNp6NZWZUBlbGXYxxng=="
    "resolved" "https://registry.npmmirror.com/is-number/-/is-number-7.0.0.tgz"
    "version" "7.0.0"
  
  "is-plain-object@3.0.1":
    "integrity" "sha512-Xnpx182SBMrr/aBik8y+GuR4U1L9FqMSojwDQwPMmxyC6bvEqly9UBCxhauBF5vNh2gwWJNX6oDV7O+OM4z34g=="
    "resolved" "https://registry.npmmirror.com/is-plain-object/-/is-plain-object-3.0.1.tgz"
    "version" "3.0.1"
  
  "is-promise@^2.0.0":
    "integrity" "sha512-+lP4/6lKUBfQjZ2pdxThZvLUAafmZb8OAxFb8XXtiQmS35INgr85hdOGoEs124ez1FCnZJt6jau/T+alh58QFQ=="
    "resolved" "https://registry.npmmirror.com/is-promise/-/is-promise-2.2.2.tgz"
    "version" "2.2.2"
  
  "is-regex@^1.0.3":
    "integrity" "sha512-kvRdxDsxZjhzUX07ZnLydzS1TU/TJlTUHHY4YLL87e37oUA49DfkLqgy+VjFocowy29cKvcSiu+kIv728jTTVg=="
    "resolved" "https://registry.npmmirror.com/is-regex/-/is-regex-1.1.4.tgz"
    "version" "1.1.4"
    dependencies:
      "call-bind" "^1.0.2"
      "has-tostringtag" "^1.0.0"
  
  "is-what@^3.14.1":
    "integrity" "sha512-sNxgpk9793nzSs7bA6JQJGeIuRBQhAaNGG77kzYQgMkrID+lS6SlK07K5LaptscDlSaIgH+GPFzf+d75FVxozA=="
    "resolved" "https://registry.npmmirror.com/is-what/-/is-what-3.14.1.tgz"
    "version" "3.14.1"
  
  "js-stringify@^1.0.2":
    "integrity" "sha512-rtS5ATOo2Q5k1G+DADISilDA6lv79zIiwFd6CcjuIxGKLFm5C+RLImRscVap9k55i+MOZwgliw+NejvkLuGD5g=="
    "resolved" "https://registry.npmmirror.com/js-stringify/-/js-stringify-1.0.2.tgz"
    "version" "1.0.2"
  
  "js-tokens@^3.0.0 || ^4.0.0", "js-tokens@^4.0.0":
    "integrity" "sha512-RdJUflcE3cUzKiMqQgsCu06FPu9UdIJO0beYbPhHN4k6apgJtifcoCtT9bcxOpYBtpD2kCM6Sbzg4CausW/PKQ=="
    "resolved" "https://registry.npmmirror.com/js-tokens/-/js-tokens-4.0.0.tgz"
    "version" "4.0.0"
  
  "jsesc@^2.5.1":
    "integrity" "sha512-OYu7XEzjkCQ3C5Ps3QIZsQfNpqoJyZZA99wd9aWd05NCtC5pWOkShK2mkL6HXQR6/Cy2lbNdPlZBpuQHXE63gA=="
    "resolved" "https://registry.npmmirror.com/jsesc/-/jsesc-2.5.2.tgz"
    "version" "2.5.2"
  
  "json5@^2.2.1":
    "integrity" "sha512-1hqLFMSrGHRHxav9q9gNjJ5EXznIxGVO09xQRrwplcS8qs28pZ8s8hupZAmqDwZUmVZ2Qb2jnyPOWcDH8m8dlA=="
    "resolved" "https://registry.npmmirror.com/json5/-/json5-2.2.1.tgz"
    "version" "2.2.1"
  
  "jsonc-parser@^2.3.0":
    "integrity" "sha512-H8jvkz1O50L3dMZCsLqiuB2tA7muqbSg1AtGEkN0leAqGjsUzDJir3Zwr02BhqdcITPg3ei3mZ+HjMocAknhhg=="
    "resolved" "https://registry.npmmirror.com/jsonc-parser/-/jsonc-parser-2.3.1.tgz"
    "version" "2.3.1"
  
  "jsonc-parser@^3.0.0":
    "integrity" "sha512-DRf0QjnNeCUds3xTjKlQQ3DpJD51GvDjJfnxUVWg6PZTo2otSm+slzNAxU/35hF8/oJIKoG9slq30JYOsF2azg=="
    "resolved" "https://registry.npmmirror.com/jsonc-parser/-/jsonc-parser-3.1.0.tgz"
    "version" "3.1.0"
  
  "jstransformer@1.0.0":
    "integrity" "sha512-C9YK3Rf8q6VAPDCCU9fnqo3mAfOH6vUGnMcP4AQAYIEpWtfGLpwOTmZ+igtdK5y+VvI2n3CyYSzy4Qh34eq24A=="
    "resolved" "https://registry.npmmirror.com/jstransformer/-/jstransformer-1.0.0.tgz"
    "version" "1.0.0"
    dependencies:
      "is-promise" "^2.0.0"
      "promise" "^7.0.1"
  
  "klona@^2.0.4":
    "integrity" "sha512-pJiBpiXMbt7dkzXe8Ghj/u4FfXOOa98fPW+bihOJ4SjnoijweJrNThJfd3ifXpXhREjpoF2mZVH1GfS9LV3kHQ=="
    "resolved" "https://registry.npmmirror.com/klona/-/klona-2.0.5.tgz"
    "version" "2.0.5"
  
  "less@*", "less@^4.1.3":
    "integrity" "sha512-w16Xk/Ta9Hhyei0Gpz9m7VS8F28nieJaL/VyShID7cYvP6IL5oHeL6p4TXSDJqZE/lNv0oJ2pGVjJsRkfwm5FA=="
    "resolved" "https://registry.npmmirror.com/less/-/less-4.1.3.tgz"
    "version" "4.1.3"
    dependencies:
      "copy-anything" "^2.0.1"
      "parse-node-version" "^1.0.1"
      "tslib" "^2.3.0"
    optionalDependencies:
      "errno" "^0.1.1"
      "graceful-fs" "^4.1.2"
      "image-size" "~0.5.0"
      "make-dir" "^2.1.0"
      "mime" "^1.4.1"
      "needle" "^3.1.0"
      "source-map" "~0.6.0"
  
  "lodash-es@^4.17.15":
    "integrity" "sha512-mKnC+QJ9pWVzv+C4/U3rRsHapFfHvQFoFB92e52xeyGMcX6/OlIl78je1u8vePzYZSkkogMPJ2yjxxsb89cxyw=="
    "resolved" "https://registry.npmmirror.com/lodash-es/-/lodash-es-4.17.21.tgz"
    "version" "4.17.21"
  
  "lodash@^4.17.21":
    "integrity" "sha512-v2kDEe57lecTulaDIuNTPy3Ry4gLGJ6Z1O3vE1krgXZNrsQ+LFTGHVxVjcXPs17LhbZVGedAJv8XZ1tvj5FvSg=="
    "resolved" "https://registry.npmmirror.com/lodash/-/lodash-4.17.21.tgz"
    "version" "4.17.21"
  
  "loose-envify@^1.0.0":
    "integrity" "sha512-lyuxPGr/Wfhrlem2CL/UcnUc1zcqKAImBDzukY7Y5F/yQiNdko6+fRLevlw1HgMySw7f611UIY408EtxRSoK3Q=="
    "resolved" "https://registry.npmmirror.com/loose-envify/-/loose-envify-1.4.0.tgz"
    "version" "1.4.0"
    dependencies:
      "js-tokens" "^3.0.0 || ^4.0.0"
  
  "lru-cache@^6.0.0":
    "integrity" "sha512-Jo6dJ04CmSjuznwJSS3pUeWmd/H0ffTlkXXgwZi+eq1UCmqQwCh+eLsYOYCwY991i2Fah4h1BEMCx4qThGbsiA=="
    "resolved" "https://registry.npmmirror.com/lru-cache/-/lru-cache-6.0.0.tgz"
    "version" "6.0.0"
    dependencies:
      "yallist" "^4.0.0"
  
  "magic-string@^0.25.7":
    "integrity" "sha512-RmF0AsMzgt25qzqqLc1+MbHmhdx0ojF2Fvs4XnOqz2ZOBXzzkEwc/dJQZCYHAn7v1jbVOjAZfK8msRn4BxO4VQ=="
    "resolved" "https://registry.npmmirror.com/magic-string/-/magic-string-0.25.9.tgz"
    "version" "0.25.9"
    dependencies:
      "sourcemap-codec" "^1.4.8"
  
  "make-dir@^2.1.0":
    "integrity" "sha512-LS9X+dc8KLxXCb8dni79fLIIUA5VyZoyjSMCwTluaXA0o27cCK0bhXkpgw+sTXVpPy/lSO57ilRixqk0vDmtRA=="
    "resolved" "https://registry.npmmirror.com/make-dir/-/make-dir-2.1.0.tgz"
    "version" "2.1.0"
    dependencies:
      "pify" "^4.0.1"
      "semver" "^5.6.0"
  
  "memoize-one@^5.2.1":
    "integrity" "sha512-zYiwtZUcYyXKo/np96AGZAckk+FWWsUdJ3cHGGmld7+AhvcWmQyGCYUh1hc4Q/pkOhb65dQR/pqCyK0cOaHz4Q=="
    "resolved" "https://registry.npmmirror.com/memoize-one/-/memoize-one-5.2.1.tgz"
    "version" "5.2.1"
  
  "mime@^1.4.1":
    "integrity" "sha512-x0Vn8spI+wuJ1O6S7gnbaQg8Pxh4NNHb7KSINmEWKiPE4RKOplvijn+NkmYmmRgP68mc70j2EbeTFRsrswaQeg=="
    "resolved" "https://registry.npmmirror.com/mime/-/mime-1.6.0.tgz"
    "version" "1.6.0"
  
  "mockjs@^1.1.0":
    "integrity" "sha512-eQsKcWzIaZzEZ07NuEyO4Nw65g0hdWAyurVol1IPl1gahRwY+svqzfgfey8U8dahLwG44d6/RwEzuK52rSa/JQ=="
    "resolved" "https://registry.npmmirror.com/mockjs/-/mockjs-1.1.0.tgz"
    "version" "1.1.0"
    dependencies:
      "commander" "*"
  
  "ms@^2.1.1", "ms@2.1.2":
    "integrity" "sha512-sGkPx+VjMtmA6MX27oA4FBFELFCZZ4S4XqeGOXCv68tT+jb3vk/RyaKWP0PTKyWtmLSM0b+adUTEvbs1PEaH2w=="
    "resolved" "https://registry.npmmirror.com/ms/-/ms-2.1.2.tgz"
    "version" "2.1.2"
  
  "nanoid@^3.3.4":
    "integrity" "sha512-MqBkQh/OHTS2egovRtLk45wEyNXwF+cokD+1YPf9u5VfJiRdAiRwB2froX5Co9Rh20xs4siNPm8naNotSD6RBw=="
    "resolved" "https://registry.npmmirror.com/nanoid/-/nanoid-3.3.4.tgz"
    "version" "3.3.4"
  
  "nanopop@^2.1.0":
    "integrity" "sha512-jGTwpFRexSH+fxappnGQtN9dspgE2ipa1aOjtR24igG0pv6JCxImIAmrLRHX+zUF5+1wtsFVbKyfP51kIGAVNw=="
    "resolved" "https://registry.npmmirror.com/nanopop/-/nanopop-2.1.0.tgz"
    "version" "2.1.0"
  
  "needle@^3.1.0":
    "integrity" "sha512-gCE9weDhjVGCRqS8dwDR/D3GTAeyXLXuqp7I8EzH6DllZGXSUyxuqqLh+YX9rMAWaaTFyVAg6rHGL25dqvczKw=="
    "resolved" "https://registry.npmmirror.com/needle/-/needle-3.1.0.tgz"
    "version" "3.1.0"
    dependencies:
      "debug" "^3.2.6"
      "iconv-lite" "^0.6.3"
      "sax" "^1.2.4"
  
  "neo-async@^2.6.2":
    "integrity" "sha512-Yd3UES5mWCSqR+qNT93S3UoYUkqAZ9lLg8a7g9rimsWmYGK8cVToA4/sF3RrshdyV3sAGMXVUmpMYOw+dLpOuw=="
    "resolved" "https://registry.npmmirror.com/neo-async/-/neo-async-2.6.2.tgz"
    "version" "2.6.2"
  
  "node-releases@^2.0.6":
    "integrity" "sha512-PiVXnNuFm5+iYkLBNeq5211hvO38y63T0i2KKh2KnUs3RpzJ+JtODFjkD8yjLwnDkTYF1eKXheUwdssR+NRZdg=="
    "resolved" "https://registry.npmmirror.com/node-releases/-/node-releases-2.0.6.tgz"
    "version" "2.0.6"
  
  "normalize-path@^3.0.0", "normalize-path@~3.0.0":
    "integrity" "sha512-6eZs5Ls3WtCisHWp9S2GUy8dqkpGi4BVSz3GaqiE6ezub0512ESztXUwUB6C6IKbQkY2Pnb/mD4WYojCRwcwLA=="
    "resolved" "https://registry.npmmirror.com/normalize-path/-/normalize-path-3.0.0.tgz"
    "version" "3.0.0"
  
  "normalize-wheel-es@^1.1.0":
    "integrity" "sha512-Wj7+EJQ8mSuXr2iWfnujrimU35R2W4FAErEyTmJoJ7ucwTn2hOUSsRehMb5RSYkxXGTM7Y9QpvPmp++w5ftoJw=="
    "resolved" "https://registry.npmmirror.com/normalize-wheel-es/-/normalize-wheel-es-1.2.0.tgz"
    "version" "1.2.0"
  
  "object-assign@^4.1.1":
    "integrity" "sha512-rJgTQnkUnH1sFw8yT6VSU3zD3sWmu6sZhIseY8VX+GRu3P6F7Fu+JNDoXfklElbLJSnc3FUQHVe4cU5hj+BcUg=="
    "resolved" "https://registry.npmmirror.com/object-assign/-/object-assign-4.1.1.tgz"
    "version" "4.1.1"
  
  "parse-node-version@^1.0.1":
    "integrity" "sha512-3YHlOa/JgH6Mnpr05jP9eDG254US9ek25LyIxZlDItp2iJtwyaXQb57lBYLdT3MowkUFYEV2XXNAYIPlESvJlA=="
    "resolved" "https://registry.npmmirror.com/parse-node-version/-/parse-node-version-1.0.1.tgz"
    "version" "1.0.1"
  
  "path-parse@^1.0.7":
    "integrity" "sha512-LDJzPVEEEPR+y48z93A0Ed0yXb8pAByGWo/k5YYdYgpY2/2EsOsksJrq7lOHxryrVOn1ejG6oAp8ahvOIQD8sw=="
    "resolved" "https://registry.npmmirror.com/path-parse/-/path-parse-1.0.7.tgz"
    "version" "1.0.7"
  
  "picocolors@^1.0.0":
    "integrity" "sha512-1fygroTLlHu66zi26VoTDv8yRgm0Fccecssto+MhsZ0D/DGW2sm8E8AjW7NU5VVTRt5GxbeZ5qBuJr+HyLYkjQ=="
    "resolved" "https://registry.npmmirror.com/picocolors/-/picocolors-1.0.0.tgz"
    "version" "1.0.0"
  
  "picomatch@^2.0.4", "picomatch@^2.2.1", "picomatch@^2.2.2":
    "integrity" "sha512-JU3teHTNjmE2VCGFzuY8EXzCDVwEqB2a8fsIvwaStHhAWJEeVd1o1QD80CU6+ZdEXXSLbSsuLwJjkCBWqRQUVA=="
    "resolved" "https://registry.npmmirror.com/picomatch/-/picomatch-2.3.1.tgz"
    "version" "2.3.1"
  
  "pify@^4.0.1":
    "integrity" "sha512-uB80kBFb/tfd68bVleG9T5GGsGPjJrLAUpR5PZIrhBnIaRTQRjqdJSsIKkOP6OAIFbj7GOrcudc5pNjZ+geV2g=="
    "resolved" "https://registry.npmmirror.com/pify/-/pify-4.0.1.tgz"
    "version" "4.0.1"
  
  "postcss@^8.1.10", "postcss@^8.4.13":
    "integrity" "sha512-ipHE1XBvKzm5xI7hiHCZJCSugxvsdq2mPnsq5+UF+VHCjiBvtDrlxJfMBToWaP9D5XlgNmcFGqoHmUn0EYEaRQ=="
    "resolved" "https://registry.npmmirror.com/postcss/-/postcss-8.4.16.tgz"
    "version" "8.4.16"
    dependencies:
      "nanoid" "^3.3.4"
      "picocolors" "^1.0.0"
      "source-map-js" "^1.0.2"
  
  "preact@^10.0.5":
    "integrity" "sha512-Gwwh0o531izatQQZu0yEX4mtfxVYsZJ4TT/o2VK3UZ/UuAWAWFnzsEfpZvad32vY3TKoRnSY2WqiDz2rH/viWQ=="
    "resolved" "https://registry.npmmirror.com/preact/-/preact-10.10.3.tgz"
    "version" "10.10.3"
  
  "promise@^7.0.1":
    "integrity" "sha512-nolQXZ/4L+bP/UGlkfaIujX9BKxGwmQ9OT4mOt5yvy8iK1h3wqTEJCijzGANTCCl9nWjY41juyAn2K3Q1hLLTg=="
    "resolved" "https://registry.npmmirror.com/promise/-/promise-7.3.1.tgz"
    "version" "7.3.1"
    dependencies:
      "asap" "~2.0.3"
  
  "prr@~1.0.1":
    "integrity" "sha512-yPw4Sng1gWghHQWj0B3ZggWUm4qVbPwPFcRG8KyxiU7J2OHFSoEHKS+EZ3fv5l1t9CyCiop6l/ZYeWbrgoQejw=="
    "resolved" "https://registry.npmmirror.com/prr/-/prr-1.0.1.tgz"
    "version" "1.0.1"
  
  "pug-attrs@^3.0.0":
    "integrity" "sha512-azINV9dUtzPMFQktvTXciNAfAuVh/L/JCl0vtPCwvOA21uZrC08K/UnmrL+SXGEVc1FwzjW62+xw5S/uaLj6cA=="
    "resolved" "https://registry.npmmirror.com/pug-attrs/-/pug-attrs-3.0.0.tgz"
    "version" "3.0.0"
    dependencies:
      "constantinople" "^4.0.1"
      "js-stringify" "^1.0.2"
      "pug-runtime" "^3.0.0"
  
  "pug-code-gen@^3.0.2":
    "integrity" "sha512-nJMhW16MbiGRiyR4miDTQMRWDgKplnHyeLvioEJYbk1RsPI3FuA3saEP8uwnTb2nTJEKBU90NFVWJBk4OU5qyg=="
    "resolved" "https://registry.npmmirror.com/pug-code-gen/-/pug-code-gen-3.0.2.tgz"
    "version" "3.0.2"
    dependencies:
      "constantinople" "^4.0.1"
      "doctypes" "^1.1.0"
      "js-stringify" "^1.0.2"
      "pug-attrs" "^3.0.0"
      "pug-error" "^2.0.0"
      "pug-runtime" "^3.0.0"
      "void-elements" "^3.1.0"
      "with" "^7.0.0"
  
  "pug-error@^2.0.0":
    "integrity" "sha512-sjiUsi9M4RAGHktC1drQfCr5C5eriu24Lfbt4s+7SykztEOwVZtbFk1RRq0tzLxcMxMYTBR+zMQaG07J/btayQ=="
    "resolved" "https://registry.npmmirror.com/pug-error/-/pug-error-2.0.0.tgz"
    "version" "2.0.0"
  
  "pug-filters@^4.0.0":
    "integrity" "sha512-yeNFtq5Yxmfz0f9z2rMXGw/8/4i1cCFecw/Q7+D0V2DdtII5UvqE12VaZ2AY7ri6o5RNXiweGH79OCq+2RQU4A=="
    "resolved" "https://registry.npmmirror.com/pug-filters/-/pug-filters-4.0.0.tgz"
    "version" "4.0.0"
    dependencies:
      "constantinople" "^4.0.1"
      "jstransformer" "1.0.0"
      "pug-error" "^2.0.0"
      "pug-walk" "^2.0.0"
      "resolve" "^1.15.1"
  
  "pug-lexer@^5.0.1":
    "integrity" "sha512-0I6C62+keXlZPZkOJeVam9aBLVP2EnbeDw3An+k0/QlqdwH6rv8284nko14Na7c0TtqtogfWXcRoFE4O4Ff20w=="
    "resolved" "https://registry.npmmirror.com/pug-lexer/-/pug-lexer-5.0.1.tgz"
    "version" "5.0.1"
    dependencies:
      "character-parser" "^2.2.0"
      "is-expression" "^4.0.0"
      "pug-error" "^2.0.0"
  
  "pug-linker@^4.0.0":
    "integrity" "sha512-gjD1yzp0yxbQqnzBAdlhbgoJL5qIFJw78juN1NpTLt/mfPJ5VgC4BvkoD3G23qKzJtIIXBbcCt6FioLSFLOHdw=="
    "resolved" "https://registry.npmmirror.com/pug-linker/-/pug-linker-4.0.0.tgz"
    "version" "4.0.0"
    dependencies:
      "pug-error" "^2.0.0"
      "pug-walk" "^2.0.0"
  
  "pug-load@^3.0.0":
    "integrity" "sha512-OCjTEnhLWZBvS4zni/WUMjH2YSUosnsmjGBB1An7CsKQarYSWQ0GCVyd4eQPMFJqZ8w9xgs01QdiZXKVjk92EQ=="
    "resolved" "https://registry.npmmirror.com/pug-load/-/pug-load-3.0.0.tgz"
    "version" "3.0.0"
    dependencies:
      "object-assign" "^4.1.1"
      "pug-walk" "^2.0.0"
  
  "pug-parser@^6.0.0":
    "integrity" "sha512-ukiYM/9cH6Cml+AOl5kETtM9NR3WulyVP2y4HOU45DyMim1IeP/OOiyEWRr6qk5I5klpsBnbuHpwKmTx6WURnw=="
    "resolved" "https://registry.npmmirror.com/pug-parser/-/pug-parser-6.0.0.tgz"
    "version" "6.0.0"
    dependencies:
      "pug-error" "^2.0.0"
      "token-stream" "1.0.0"
  
  "pug-runtime@^3.0.0", "pug-runtime@^3.0.1":
    "integrity" "sha512-L50zbvrQ35TkpHwv0G6aLSuueDRwc/97XdY8kL3tOT0FmhgG7UypU3VztfV/LATAvmUfYi4wNxSajhSAeNN+Kg=="
    "resolved" "https://registry.npmmirror.com/pug-runtime/-/pug-runtime-3.0.1.tgz"
    "version" "3.0.1"
  
  "pug-strip-comments@^2.0.0":
    "integrity" "sha512-zo8DsDpH7eTkPHCXFeAk1xZXJbyoTfdPlNR0bK7rpOMuhBYb0f5qUVCO1xlsitYd3w5FQTK7zpNVKb3rZoUrrQ=="
    "resolved" "https://registry.npmmirror.com/pug-strip-comments/-/pug-strip-comments-2.0.0.tgz"
    "version" "2.0.0"
    dependencies:
      "pug-error" "^2.0.0"
  
  "pug-walk@^2.0.0":
    "integrity" "sha512-yYELe9Q5q9IQhuvqsZNwA5hfPkMJ8u92bQLIMcsMxf/VADjNtEYptU+inlufAFYcWdHlwNfZOEnOOQrZrcyJCQ=="
    "resolved" "https://registry.npmmirror.com/pug-walk/-/pug-walk-2.0.0.tgz"
    "version" "2.0.0"
  
  "pug@^3.0.2":
    "integrity" "sha512-bp0I/hiK1D1vChHh6EfDxtndHji55XP/ZJKwsRqrz6lRia6ZC2OZbdAymlxdVFwd1L70ebrVJw4/eZ79skrIaw=="
    "resolved" "https://registry.npmmirror.com/pug/-/pug-3.0.2.tgz"
    "version" "3.0.2"
    dependencies:
      "pug-code-gen" "^3.0.2"
      "pug-filters" "^4.0.0"
      "pug-lexer" "^5.0.1"
      "pug-linker" "^4.0.0"
      "pug-load" "^3.0.0"
      "pug-parser" "^6.0.0"
      "pug-runtime" "^3.0.1"
      "pug-strip-comments" "^2.0.0"
  
  "readdirp@~3.6.0":
    "integrity" "sha512-hOS089on8RduqdbhvQ5Z37A0ESjsqz6qnRcffsMU3495FuTdqSm+7bhJ29JvIOsBDEEnan5DPu9t3To9VRlMzA=="
    "resolved" "https://registry.npmmirror.com/readdirp/-/readdirp-3.6.0.tgz"
    "version" "3.6.0"
    dependencies:
      "picomatch" "^2.2.1"
  
  "regenerator-runtime@^0.13.4":
    "integrity" "sha512-p3VT+cOEgxFsRRA9X4lkI1E+k2/CtnKtU4gcxyaCUreilL/vqI6CdZ3wxVUx3UOUg+gnUOQQcRI7BmSI656MYA=="
    "resolved" "https://registry.npmmirror.com/regenerator-runtime/-/regenerator-runtime-0.13.9.tgz"
    "version" "0.13.9"
  
  "request-light@^0.5.4":
    "integrity" "sha512-3Zjgh+8b5fhRJBQZoy+zbVKpAQGLyka0MPgW3zruTF4dFFJ8Fqcfu9YsAvi/rvdcaTeWG3MkbZv4WKxAn/84Lg=="
    "resolved" "https://registry.npmmirror.com/request-light/-/request-light-0.5.8.tgz"
    "version" "0.5.8"
  
  "resize-observer-polyfill@^1.5.1":
    "integrity" "sha512-LwZrotdHOo12nQuZlHEmtuXdqGoOD0OhaxopaNFxWzInpEgaLWoVuAMbTzixuosCx2nEG58ngzW3vxdWoxIgdg=="
    "resolved" "https://registry.npmmirror.com/resize-observer-polyfill/-/resize-observer-polyfill-1.5.1.tgz"
    "version" "1.5.1"
  
  "resolve@^1.15.1", "resolve@^1.22.0":
    "integrity" "sha512-nBpuuYuY5jFsli/JIs1oldw6fOQCBioohqWZg/2hiaOybXOft4lonv85uDOKXdf8rhyK159cxU5cDcK/NKk8zw=="
    "resolved" "https://registry.npmmirror.com/resolve/-/resolve-1.22.1.tgz"
    "version" "1.22.1"
    dependencies:
      "is-core-module" "^2.9.0"
      "path-parse" "^1.0.7"
      "supports-preserve-symlinks-flag" "^1.0.0"
  
  "rollup@>=2.59.0 <2.78.0":
    "integrity" "sha512-/qxNTG7FbmefJWoeeYJFbHehJ2HNWnjkAFRKzWN/45eNBBF/r8lo992CwcJXEzyVxs5FmfId+vTSTQDb+bxA+g=="
    "resolved" "https://registry.npmmirror.com/rollup/-/rollup-2.77.3.tgz"
    "version" "2.77.3"
    optionalDependencies:
      "fsevents" "~2.3.2"
  
  "safe-buffer@~5.1.1":
    "integrity" "sha512-Gd2UZBJDkXlY7GbJxfsE8/nvKkUEU1G38c1siN6QP6a9PT9MmHB8GnpscSmMJSoF8LOIrt8ud/wPtojys4G6+g=="
    "resolved" "https://registry.npmmirror.com/safe-buffer/-/safe-buffer-5.1.2.tgz"
    "version" "5.1.2"
  
  "safer-buffer@>= 2.1.2 < 3.0.0":
    "integrity" "sha512-YZo3K82SD7Riyi0E1EQPojLz7kpepnSQI9IyPbHHg1XXXevb5dJI7tpyN2ADxGcQbHG7vcyRHk0cbwqcQriUtg=="
    "resolved" "https://registry.npmmirror.com/safer-buffer/-/safer-buffer-2.1.2.tgz"
    "version" "2.1.2"
  
  "sass-loader@^12.2.0":
    "integrity" "sha512-oLTaH0YCtX4cfnJZxKSLAyglED0naiYfNG1iXfU5w1LNZ+ukoA5DtyDIN5zmKVZwYNJP4KRc5Y3hkWga+7tYfA=="
    "resolved" "https://registry.npmmirror.com/sass-loader/-/sass-loader-12.6.0.tgz"
    "version" "12.6.0"
    dependencies:
      "klona" "^2.0.4"
      "neo-async" "^2.6.2"
  
  "sass@*", "sass@^1.3.0", "sass@^1.43.2":
    "integrity" "sha512-3tmF16yvnBwtlPrNBHw/H907j8MlOX8aTBnlNX1yrKx24RKcJGPyLhFUwkoKBKesR3unP93/2z14Ll8NicwQUA=="
    "resolved" "https://registry.npmmirror.com/sass/-/sass-1.54.4.tgz"
    "version" "1.54.4"
    dependencies:
      "chokidar" ">=3.0.0 <4.0.0"
      "immutable" "^4.0.0"
      "source-map-js" ">=0.6.2 <2.0.0"
  
  "sax@^1.2.4":
    "integrity" "sha512-NqVDv9TpANUjFm0N8uM5GxL36UgKi9/atZw+x7YFnQ8ckwFGKrl4xX4yWtrey3UJm5nP1kUbnYgLopqWNSRhWw=="
    "resolved" "https://registry.npmmirror.com/sax/-/sax-1.2.4.tgz"
    "version" "1.2.4"
  
  "scroll-into-view-if-needed@^2.2.25":
    "integrity" "sha512-hxpAR6AN+Gh53AdAimHM6C8oTN1ppwVZITihix+WqalywBeFcQ6LdQP5ABNl26nX8GTEL7VT+b8lKpdqq65wXg=="
    "resolved" "https://registry.npmmirror.com/scroll-into-view-if-needed/-/scroll-into-view-if-needed-2.2.29.tgz"
    "version" "2.2.29"
    dependencies:
      "compute-scroll-into-view" "^1.0.17"
  
  "semver@^5.6.0":
    "integrity" "sha512-sauaDf/PZdVgrLTNYHRtpXa1iRiKcaebiKQ1BJdpQlWH2lCvexQdX55snPFyK7QzpudqbCI0qXFfOasHdyNDGQ=="
    "resolved" "https://registry.npmmirror.com/semver/-/semver-5.7.1.tgz"
    "version" "5.7.1"
  
  "semver@^6.3.0":
    "integrity" "sha512-b39TBaTSfV6yBrapU89p5fKekE2m/NwnDocOVruQFS1/veMgdzuPcnOM34M6CwxW8jH/lxEa5rBoDeUwu5HHTw=="
    "resolved" "https://registry.npmmirror.com/semver/-/semver-6.3.0.tgz"
    "version" "6.3.0"
  
  "semver@^7.3.5":
    "integrity" "sha512-QlYTucUYOews+WeEujDoEGziz4K6c47V/Bd+LjSSYcA94p+DmINdf7ncaUinThfvZyu13lN9OY1XDxt8C0Tw0g=="
    "resolved" "https://registry.npmmirror.com/semver/-/semver-7.3.7.tgz"
    "version" "7.3.7"
    dependencies:
      "lru-cache" "^6.0.0"
  
  "shallow-equal@^1.0.0":
    "integrity" "sha512-S4vJDjHHMBaiZuT9NPb616CSmLf618jawtv3sufLl6ivK8WocjAo58cXwbRV1cgqxH0Qbv+iUt6m05eqEa2IRA=="
    "resolved" "https://registry.npmmirror.com/shallow-equal/-/shallow-equal-1.2.1.tgz"
    "version" "1.2.1"
  
  "source-map-js@^1.0.2", "source-map-js@>=0.6.2 <2.0.0":
    "integrity" "sha512-R0XvVJ9WusLiqTCEiGCmICCMplcCkIwwR11mOSD9CR5u+IXYdiseeEuXCVAjS54zqwkLcPNnmU4OeJ6tUrWhDw=="
    "resolved" "https://registry.npmmirror.com/source-map-js/-/source-map-js-1.0.2.tgz"
    "version" "1.0.2"
  
  "source-map@^0.6.1", "source-map@~0.6.0":
    "integrity" "sha512-UjgapumWlbMhkBgzT7Ykc5YXUT46F0iKu8SGXq0bcwP5dz/h0Plj6enJqjz1Zbq2l5WaqYnrVbwWOWMyF3F47g=="
    "resolved" "https://registry.npmmirror.com/source-map/-/source-map-0.6.1.tgz"
    "version" "0.6.1"
  
  "sourcemap-codec@^1.4.8":
    "integrity" "sha512-9NykojV5Uih4lgo5So5dtw+f0JgJX30KCNI8gwhz2J9A15wD0Ml6tjHKwf6fTSa6fAdVBdZeNOs9eJ71qCk8vA=="
    "resolved" "https://registry.npmmirror.com/sourcemap-codec/-/sourcemap-codec-1.4.8.tgz"
    "version" "1.4.8"
  
  "supports-color@^5.3.0":
    "integrity" "sha512-QjVjwdXIt408MIiAqCX4oUKsgU2EqAGzs2Ppkm4aQYbjm+ZEWEcW4SfFNTr4uMNZma0ey4f5lgLrkB0aX0QMow=="
    "resolved" "https://registry.npmmirror.com/supports-color/-/supports-color-5.5.0.tgz"
    "version" "5.5.0"
    dependencies:
      "has-flag" "^3.0.0"
  
  "supports-preserve-symlinks-flag@^1.0.0":
    "integrity" "sha512-ot0WnXS9fgdkgIcePe6RHNk1WA8+muPa6cSjeR3V8K27q9BB1rTE3R1p7Hv0z1ZyAc8s6Vvv8DIyWf681MAt0w=="
    "resolved" "https://registry.npmmirror.com/supports-preserve-symlinks-flag/-/supports-preserve-symlinks-flag-1.0.0.tgz"
    "version" "1.0.0"
  
  "svg-tags@^1.0.0":
    "integrity" "sha512-ovssysQTa+luh7A5Weu3Rta6FJlFBBbInjOh722LIt6klpU2/HtdUbszju/G4devcvk8PGt7FCLv5wftu3THUA=="
    "resolved" "https://registry.npmmirror.com/svg-tags/-/svg-tags-1.0.0.tgz"
    "version" "1.0.0"
  
  "to-fast-properties@^2.0.0":
    "integrity" "sha512-/OaKK0xYrs3DmxRYqL/yDc+FxFUVYhDlXMhRmv3z915w2HF1tnN1omB354j8VUGO/hbRzyD6Y3sA7v7GS/ceog=="
    "resolved" "https://registry.npmmirror.com/to-fast-properties/-/to-fast-properties-2.0.0.tgz"
    "version" "2.0.0"
  
  "to-regex-range@^5.0.1":
    "integrity" "sha512-65P7iz6X5yEr1cwcgvQxbbIw7Uk3gOy5dIdtZ4rDveLqhrdJP+Li/Hx6tyK0NEb+2GCyneCMJiGqrADCSNk8sQ=="
    "resolved" "https://registry.npmmirror.com/to-regex-range/-/to-regex-range-5.0.1.tgz"
    "version" "5.0.1"
    dependencies:
      "is-number" "^7.0.0"
  
  "token-stream@1.0.0":
    "integrity" "sha512-VSsyNPPW74RpHwR8Fc21uubwHY7wMDeJLys2IX5zJNih+OnAnaifKHo+1LHT7DAdloQ7apeaaWg8l7qnf/TnEg=="
    "resolved" "https://registry.npmmirror.com/token-stream/-/token-stream-1.0.0.tgz"
    "version" "1.0.0"
  
  "tslib@^2.1.0", "tslib@^2.3.0":
    "integrity" "sha512-d6xOpEDfsi2CZVlPQzGeux8XMwLT9hssAsaPYExaQMuYskwb+x1x7J371tWlbBdWHroy99KnVB6qIkUbs5X3UQ=="
    "resolved" "https://registry.npmmirror.com/tslib/-/tslib-2.4.0.tgz"
    "version" "2.4.0"
  
  "typescript@*", "typescript@^4.4.3":
    "integrity" "sha512-C0WQT0gezHuw6AdY1M2jxUO83Rjf0HP7Sk1DtXj6j1EwkQNZrHAg2XPWlq62oqEhYvONq5pkC2Y9oPljWToLmQ=="
    "resolved" "https://registry.npmmirror.com/typescript/-/typescript-4.7.4.tgz"
    "version" "4.7.4"
  
  "upath@^2.0.1":
    "integrity" "sha512-1uEe95xksV1O0CYKXo8vQvN1JEbtJp7lb7C5U9HMsIp6IVwntkH/oNUzyVNQSd4S1sYk2FpSSW44FqMc8qee5w=="
    "resolved" "https://registry.npmmirror.com/upath/-/upath-2.0.1.tgz"
    "version" "2.0.1"
  
  "update-browserslist-db@^1.0.5":
    "integrity" "sha512-dteFFpCyvuDdr9S/ff1ISkKt/9YZxKjI9WlRR99c180GaztJtRa/fn18FdxGVKVsnPY7/a/FDN68mcvUmP4U7Q=="
    "resolved" "https://registry.npmmirror.com/update-browserslist-db/-/update-browserslist-db-1.0.5.tgz"
    "version" "1.0.5"
    dependencies:
      "escalade" "^3.1.1"
      "picocolors" "^1.0.0"
  
  "vite@^2.5.10", "vite@^2.6.4":
    "integrity" "sha512-fzMt2jK4vQ3yK56te3Kqpkaeq9DkcZfBbzHwYpobasvgYmP2SoAr6Aic05CsB4CzCZbsDv4sujX3pkEGhLabVQ=="
    "resolved" "https://registry.npmmirror.com/vite/-/vite-2.9.15.tgz"
    "version" "2.9.15"
    dependencies:
      "esbuild" "^0.14.27"
      "postcss" "^8.4.13"
      "resolve" "^1.22.0"
      "rollup" ">=2.59.0 <2.78.0"
    optionalDependencies:
      "fsevents" "~2.3.2"
  
  "void-elements@^3.1.0":
    "integrity" "sha512-Dhxzh5HZuiHQhbvTW9AMetFfBHDMYpo23Uo9btPXgdYP+3T5S+p+jgNy7spra+veYhBP2dCSgxR/i2Y02h5/6w=="
    "resolved" "https://registry.npmmirror.com/void-elements/-/void-elements-3.1.0.tgz"
    "version" "3.1.0"
  
  "vscode-css-languageservice@^5.1.4":
    "integrity" "sha512-DT7+7vfdT2HDNjDoXWtYJ0lVDdeDEdbMNdK4PKqUl2MS8g7PWt7J5G9B6k9lYox8nOfhCEjLnoNC3UKHHCR1lg=="
    "resolved" "https://registry.npmmirror.com/vscode-css-languageservice/-/vscode-css-languageservice-5.4.2.tgz"
    "version" "5.4.2"
    dependencies:
      "vscode-languageserver-textdocument" "^1.0.4"
      "vscode-languageserver-types" "^3.16.0"
      "vscode-nls" "^5.0.0"
      "vscode-uri" "^3.0.3"
  
  "vscode-html-languageservice@^4.0.7":
    "integrity" "sha512-dbr10KHabB9EaK8lI0XZW7SqOsTfrNyT3Nuj0GoPi4LjGKUmMiLtsqzfedIzRTzqY+w0FiLdh0/kQrnQ0tLxrw=="
    "resolved" "https://registry.npmmirror.com/vscode-html-languageservice/-/vscode-html-languageservice-4.2.5.tgz"
    "version" "4.2.5"
    dependencies:
      "vscode-languageserver-textdocument" "^1.0.4"
      "vscode-languageserver-types" "^3.16.0"
      "vscode-nls" "^5.0.0"
      "vscode-uri" "^3.0.3"
  
  "vscode-json-languageservice@^4.1.7":
    "integrity" "sha512-xGmv9QIWs2H8obGbWg+sIPI/3/pFgj/5OWBhNzs00BkYQ9UaB2F6JJaGB/2/YOZJ3BvLXQTC4Q7muqU25QgAhA=="
    "resolved" "https://registry.npmmirror.com/vscode-json-languageservice/-/vscode-json-languageservice-4.2.1.tgz"
    "version" "4.2.1"
    dependencies:
      "jsonc-parser" "^3.0.0"
      "vscode-languageserver-textdocument" "^1.0.3"
      "vscode-languageserver-types" "^3.16.0"
      "vscode-nls" "^5.0.0"
      "vscode-uri" "^3.0.3"
  
  "vscode-jsonrpc@^8.0.0-next.2", "vscode-jsonrpc@8.0.2":
    "integrity" "sha512-RY7HwI/ydoC1Wwg4gJ3y6LpU9FJRZAUnTYMXthqhFXXu77ErDd/xkREpGuk4MyYkk4a+XDWAMqe0S3KkelYQEQ=="
    "resolved" "https://registry.npmmirror.com/vscode-jsonrpc/-/vscode-jsonrpc-8.0.2.tgz"
    "version" "8.0.2"
  
  "vscode-languageserver-protocol@3.17.2":
    "integrity" "sha512-8kYisQ3z/SQ2kyjlNeQxbkkTNmVFoQCqkmGrzLH6A9ecPlgTbp3wDTnUNqaUxYr4vlAcloxx8zwy7G5WdguYNg=="
    "resolved" "https://registry.npmmirror.com/vscode-languageserver-protocol/-/vscode-languageserver-protocol-3.17.2.tgz"
    "version" "3.17.2"
    dependencies:
      "vscode-jsonrpc" "8.0.2"
      "vscode-languageserver-types" "3.17.2"
  
  "vscode-languageserver-textdocument@^1.0.1", "vscode-languageserver-textdocument@^1.0.3", "vscode-languageserver-textdocument@^1.0.4":
    "integrity" "sha512-1ah7zyQjKBudnMiHbZmxz5bYNM9KKZYz+5VQLj+yr8l+9w3g+WAhCkUkWbhMEdC5u0ub4Ndiye/fDyS8ghIKQg=="
    "resolved" "https://registry.npmmirror.com/vscode-languageserver-textdocument/-/vscode-languageserver-textdocument-1.0.5.tgz"
    "version" "1.0.5"
  
  "vscode-languageserver-types@^3.15.1", "vscode-languageserver-types@^3.16.0", "vscode-languageserver-types@3.17.2":
    "integrity" "sha512-zHhCWatviizPIq9B7Vh9uvrH6x3sK8itC84HkamnBWoDFJtzBf7SWlpLCZUit72b3os45h6RWQNC9xHRDF8dRA=="
    "resolved" "https://registry.npmmirror.com/vscode-languageserver-types/-/vscode-languageserver-types-3.17.2.tgz"
    "version" "3.17.2"
  
  "vscode-languageserver@^8.0.0-next.2":
    "integrity" "sha512-bpEt2ggPxKzsAOZlXmCJ50bV7VrxwCS5BI4+egUmure/oI/t4OlFzi/YNtVvY24A2UDOZAgwFGgnZPwqSJubkA=="
    "resolved" "https://registry.npmmirror.com/vscode-languageserver/-/vscode-languageserver-8.0.2.tgz"
    "version" "8.0.2"
    dependencies:
      "vscode-languageserver-protocol" "3.17.2"
  
  "vscode-nls@^5.0.0":
    "integrity" "sha512-37Ha44QrLFwR2IfSSYdOArzUvOyoWbOYTwQC+wS0NfqKjhW7s0WQ1lMy5oJXgSZy9sAiZS5ifELhbpXodeMR8w=="
    "resolved" "https://registry.npmmirror.com/vscode-nls/-/vscode-nls-5.1.0.tgz"
    "version" "5.1.0"
  
  "vscode-pug-languageservice@^0.27.24":
    "integrity" "sha512-GSvsFB+rPhAD7cBlEKCVNNsFGIaOnp/0zyLw3WpYbXY24vJZafXu1kHvtYaaQXJRnIhqp5EI5p+EqpdI3hTBnw=="
    "resolved" "https://registry.npmmirror.com/vscode-pug-languageservice/-/vscode-pug-languageservice-0.27.24.tgz"
    "version" "0.27.24"
    dependencies:
      "@volar/code-gen" "^0.27.24"
      "@volar/shared" "^0.27.24"
      "@volar/source-map" "^0.27.24"
      "@volar/transforms" "^0.27.24"
      "pug-lexer" "^5.0.1"
      "pug-parser" "^6.0.0"
      "vscode-languageserver" "^8.0.0-next.2"
  
  "vscode-typescript-languageservice@^0.27.25":
    "integrity" "sha512-nxpJI9MnF2rn5rKL/032Qrsq3T9DgM3slK5fwZp3suNdo90JG2zFTs3Ola8n62k7+KWu4A775obxyb4wLIW6Gw=="
    "resolved" "https://registry.npmmirror.com/vscode-typescript-languageservice/-/vscode-typescript-languageservice-0.27.25.tgz"
    "version" "0.27.25"
    dependencies:
      "@volar/shared" "^0.27.24"
      "semver" "^7.3.5"
      "upath" "^2.0.1"
      "vscode-languageserver" "^8.0.0-next.2"
      "vscode-languageserver-textdocument" "^1.0.1"
  
  "vscode-uri@^2.1.2":
    "integrity" "sha512-8TEXQxlldWAuIODdukIb+TR5s+9Ds40eSJrw+1iDDA9IFORPjMELarNQE3myz5XIkWWpdprmJjm1/SxMlWOC8A=="
    "resolved" "https://registry.npmmirror.com/vscode-uri/-/vscode-uri-2.1.2.tgz"
    "version" "2.1.2"
  
  "vscode-uri@^3.0.2", "vscode-uri@^3.0.3":
    "integrity" "sha512-EcswR2S8bpR7fD0YPeS7r2xXExrScVMxg4MedACaWHEtx9ftCF/qHG1xGkolzTPcEmjTavCQgbVzHUIdTMzFGA=="
    "resolved" "https://registry.npmmirror.com/vscode-uri/-/vscode-uri-3.0.3.tgz"
    "version" "3.0.3"
  
  "vscode-vue-languageservice@^0.27.0":
    "integrity" "sha512-nPnUNCMqqHfxcCPLyLWvmgbNCgos3SwvPcl/CzAnMbqcjLtNZppsdI7bKX3EEj0Jbg6SGLQ9NanIvZaMI1bsUA=="
    "resolved" "https://registry.npmmirror.com/vscode-vue-languageservice/-/vscode-vue-languageservice-0.27.30.tgz"
    "version" "0.27.30"
    dependencies:
      "@volar/code-gen" "^0.27.24"
      "@volar/html2pug" "^0.27.13"
      "@volar/shared" "^0.27.24"
      "@volar/source-map" "^0.27.24"
      "@volar/transforms" "^0.27.24"
      "@vscode/emmet-helper" "^2.7.0"
      "@vue/compiler-dom" "^3.2.19"
      "@vue/reactivity" "^3.2.19"
      "@vue/shared" "^3.2.19"
      "request-light" "^0.5.4"
      "upath" "^2.0.1"
      "vscode-css-languageservice" "^5.1.4"
      "vscode-html-languageservice" "^4.0.7"
      "vscode-json-languageservice" "^4.1.7"
      "vscode-languageserver" "^8.0.0-next.2"
      "vscode-languageserver-textdocument" "^1.0.1"
      "vscode-pug-languageservice" "^0.27.24"
      "vscode-typescript-languageservice" "^0.27.25"
  
  "vue-demi@*":
    "integrity" "sha512-Vy1zbZhCOdsmvGR6tJhAvO5vhP7eiS8xkbYQSoVa7o6KlIy3W8Rc53ED4qI4qpeRDjv3mLfXSEpYU6Yq4pgXRg=="
    "resolved" "https://registry.npmmirror.com/vue-demi/-/vue-demi-0.13.8.tgz"
    "version" "0.13.8"
  
  "vue-router@^4.0.12":
    "integrity" "sha512-XvK81bcYglKiayT7/vYAg/f36ExPC4t90R/HIpzrZ5x+17BOWptXLCrEPufGgZeuq68ww4ekSIMBZY1qdUdfjA=="
    "resolved" "https://registry.npmmirror.com/vue-router/-/vue-router-4.1.3.tgz"
    "version" "4.1.3"
    dependencies:
      "@vue/devtools-api" "^6.1.4"
  
  "vue-tsc@^0.3.0":
    "integrity" "sha512-zaDRZBxwRIz1XjhNP92FqugG71st6BUMnA2EwPeXrAyzbEYVRz6TezNFceYl3QYqqN8CtaxbqUhaQEDj/ntoCA=="
    "resolved" "https://registry.npmmirror.com/vue-tsc/-/vue-tsc-0.3.0.tgz"
    "version" "0.3.0"
    dependencies:
      "vscode-vue-languageservice" "^0.27.0"
  
  "vue-types@^3.0.0":
    "integrity" "sha512-IwUC0Aq2zwaXqy74h4WCvFCUtoV0iSWr0snWnE9TnU18S66GAQyqQbRf2qfJtUuiFsBf6qp0MEwdonlwznlcrw=="
    "resolved" "https://registry.npmmirror.com/vue-types/-/vue-types-3.0.2.tgz"
    "version" "3.0.2"
    dependencies:
      "is-plain-object" "3.0.1"
  
  "vue@^2.6.0 || ^3.2.0", "vue@^3.0.0", "vue@^3.0.0-0 || ^2.6.0", "vue@^3.2.0", "vue@^3.2.16", "vue@>=3.0.3", "vue@>=3.2.0", "vue@3.2.37":
    "integrity" "sha512-bOKEZxrm8Eh+fveCqS1/NkG/n6aMidsI6hahas7pa0w/l7jkbssJVsRhVDs07IdDq7h9KHswZOgItnwJAgtVtQ=="
    "resolved" "https://registry.npmmirror.com/vue/-/vue-3.2.37.tgz"
    "version" "3.2.37"
    dependencies:
      "@vue/compiler-dom" "3.2.37"
      "@vue/compiler-sfc" "3.2.37"
      "@vue/runtime-dom" "3.2.37"
      "@vue/server-renderer" "3.2.37"
      "@vue/shared" "3.2.37"
  
  "wangeditor@^4.7.9":
    "integrity" "sha512-aPTdREd8BxXVyJ5MI+LU83FQ7u1EPd341iXIorRNYSOvoimNoZ4nPg+yn3FGbB93/owEa6buLw8wdhYnMCJQLg=="
    "resolved" "https://registry.npmmirror.com/wangeditor/-/wangeditor-4.7.15.tgz"
    "version" "4.7.15"
    dependencies:
      "@babel/runtime" "^7.11.2"
      "@babel/runtime-corejs3" "^7.11.2"
      "tslib" "^2.1.0"
  
  "warning@^4.0.0":
    "integrity" "sha512-rpJyN222KWIvHJ/F53XSZv0Zl/accqHR8et1kpaMTD/fLCRxtV8iX8czMzY7sVZupTI3zcUTg8eycS2kNF9l6w=="
    "resolved" "https://registry.npmmirror.com/warning/-/warning-4.0.3.tgz"
    "version" "4.0.3"
    dependencies:
      "loose-envify" "^1.0.0"
  
  "with@^7.0.0":
    "integrity" "sha512-RNGKj82nUPg3g5ygxkQl0R937xLyho1J24ItRCBTr/m1YnZkzJy1hUiHUJrc/VlsDQzsCnInEGSg3bci0Lmd4w=="
    "resolved" "https://registry.npmmirror.com/with/-/with-7.0.2.tgz"
    "version" "7.0.2"
    dependencies:
      "@babel/parser" "^7.9.6"
      "@babel/types" "^7.9.6"
      "assert-never" "^1.2.1"
      "babel-walk" "3.0.0-canary-5"
  
  "yallist@^4.0.0":
    "integrity" "sha512-3wdGidZyq5PB084XLES5TpOSRA3wjXAlIWMhum2kRcv/41Sn2emQ0dycQW4uZXLejwKvg6EsvbdlVL+FYEct7A=="
    "resolved" "https://registry.npmmirror.com/yallist/-/yallist-4.0.0.tgz"
    "version" "4.0.0"
